TN:
SF:electron/auth.js
FN:21,(anonymous_0)
FN:30,(anonymous_1)
FN:48,(anonymous_2)
FN:107,(anonymous_3)
FN:141,(anonymous_4)
FN:222,(anonymous_5)
FN:237,(anonymous_6)
FN:255,(anonymous_7)
FN:279,(anonymous_8)
FN:284,(anonymous_9)
FN:294,(anonymous_10)
FN:329,(anonymous_11)
FN:338,(anonymous_12)
FN:348,(anonymous_13)
FN:409,(anonymous_14)
FN:446,(anonymous_15)
FN:468,(anonymous_16)
FN:484,(anonymous_17)
FN:498,(anonymous_18)
FN:514,(anonymous_19)
FN:530,(anonymous_20)
FN:549,(anonymous_21)
FN:570,(anonymous_22)
FNF:23
FNH:14
FNDA:17,(anonymous_0)
FNDA:0,(anonymous_1)
FNDA:8,(anonymous_2)
FNDA:6,(anonymous_3)
FNDA:8,(anonymous_4)
FNDA:0,(anonymous_5)
FNDA:2,(anonymous_6)
FNDA:2,(anonymous_7)
FNDA:0,(anonymous_8)
FNDA:0,(anonymous_9)
FNDA:1,(anonymous_10)
FNDA:0,(anonymous_11)
FNDA:0,(anonymous_12)
FNDA:4,(anonymous_13)
FNDA:0,(anonymous_14)
FNDA:0,(anonymous_15)
FNDA:4,(anonymous_16)
FNDA:0,(anonymous_17)
FNDA:4,(anonymous_18)
FNDA:3,(anonymous_19)
FNDA:8,(anonymous_20)
FNDA:2,(anonymous_21)
FNDA:16,(anonymous_22)
DA:7,4
DA:8,4
DA:9,4
DA:10,4
DA:13,4
DA:22,17
DA:23,17
DA:24,17
DA:31,0
DA:34,0
DA:37,0
DA:40,0
DA:42,0
DA:49,8
DA:51,8
DA:56,8
DA:57,0
DA:58,0
DA:59,0
DA:63,8
DA:65,4
DA:66,0
DA:67,0
DA:68,0
DA:72,4
DA:74,4
DA:75,0
DA:79,4
DA:81,4
DA:88,4
DA:90,4
DA:99,4
DA:100,4
DA:108,6
DA:109,6
DA:110,6
DA:111,6
DA:113,6
DA:127,6
DA:133,0
DA:134,0
DA:142,8
DA:143,8
DA:146,8
DA:153,8
DA:154,8
DA:155,8
DA:159,0
DA:160,0
DA:161,0
DA:162,0
DA:166,0
DA:167,0
DA:169,0
DA:170,0
DA:171,0
DA:172,0
DA:180,0
DA:181,0
DA:182,0
DA:183,0
DA:184,0
DA:188,0
DA:189,0
DA:191,0
DA:192,0
DA:193,0
DA:197,0
DA:201,0
DA:203,0
DA:214,0
DA:215,0
DA:223,0
DA:224,0
DA:230,0
DA:238,2
DA:239,2
DA:245,2
DA:246,2
DA:248,0
DA:256,2
DA:257,2
DA:262,2
DA:263,2
DA:264,2
DA:265,2
DA:266,2
DA:269,0
DA:271,0
DA:272,0
DA:280,0
DA:281,0
DA:284,0
DA:285,0
DA:288,0
DA:295,1
DA:296,1
DA:299,1
DA:306,1
DA:310,1
DA:316,1
DA:318,1
DA:319,0
DA:322,0
DA:330,0
DA:331,0
DA:335,0
DA:338,0
DA:339,0
DA:342,0
DA:349,4
DA:350,4
DA:353,4
DA:356,4
DA:361,4
DA:363,4
DA:364,4
DA:365,4
DA:369,0
DA:377,0
DA:378,0
DA:381,0
DA:383,0
DA:385,0
DA:388,0
DA:390,0
DA:392,0
DA:399,0
DA:401,0
DA:402,0
DA:410,0
DA:411,0
DA:418,0
DA:420,0
DA:421,0
DA:436,0
DA:438,0
DA:439,0
DA:447,0
DA:448,0
DA:457,0
DA:458,0
DA:461,0
DA:469,4
DA:470,4
DA:475,4
DA:477,0
DA:485,0
DA:486,0
DA:491,0
DA:499,4
DA:500,4
DA:505,4
DA:507,0
DA:515,3
DA:516,3
DA:521,3
DA:523,0
DA:531,8
DA:532,8
DA:542,0
DA:550,2
DA:551,2
DA:560,2
DA:562,0
DA:563,0
DA:571,16
DA:572,0
DA:574,16
DA:575,0
DA:577,16
DA:581,4
LF:172
LH:77
BRDA:48,0,0,7
BRDA:56,1,0,0
BRDA:56,1,1,8
BRDA:65,2,0,0
BRDA:65,2,1,4
BRDA:74,3,0,0
BRDA:74,3,1,4
BRDA:153,4,0,8
BRDA:153,4,1,0
BRDA:159,5,0,0
BRDA:159,5,1,0
BRDA:169,6,0,0
BRDA:169,6,1,0
BRDA:181,7,0,0
BRDA:181,7,1,0
BRDA:191,8,0,0
BRDA:191,8,1,0
BRDA:262,9,0,2
BRDA:262,9,1,0
BRDA:280,10,0,0
BRDA:280,10,1,0
BRDA:318,11,0,0
BRDA:318,11,1,1
BRDA:330,12,0,0
BRDA:330,12,1,0
BRDA:356,13,0,0
BRDA:356,13,1,4
BRDA:363,14,0,4
BRDA:363,14,1,0
BRDA:377,15,0,0
BRDA:377,15,1,0
BRDA:383,16,0,0
BRDA:383,16,1,0
BRDA:383,17,0,0
BRDA:383,17,1,0
BRDA:427,18,0,0
BRDA:427,18,1,0
BRDA:428,19,0,0
BRDA:428,19,1,0
BRDA:430,20,0,0
BRDA:430,20,1,0
BRDA:457,21,0,0
BRDA:457,21,1,0
BRDA:475,22,0,0
BRDA:475,22,1,4
BRDA:505,23,0,0
BRDA:505,23,1,4
BRDA:571,24,0,0
BRDA:571,24,1,16
BRDA:574,25,0,0
BRDA:574,25,1,16
BRF:51
BRH:13
end_of_record
TN:
SF:electron/crash-reporter.js
FN:19,initCrashReporter
FN:65,checkPreviousCrashes
FN:72,(anonymous_2)
FN:78,(anonymous_3)
FN:99,cleanupOldCrashes
FN:101,(anonymous_5)
FN:109,(anonymous_6)
FN:111,(anonymous_7)
FN:127,captureErrorContext
FN:161,saveErrorContext
FN:183,handleCrash
FN:202,(anonymous_11)
FN:217,setupCrashHandlers
FN:219,(anonymous_13)
FN:224,(anonymous_14)
FN:239,healthCheck
FN:261,startHealthMonitoring
FN:264,(anonymous_17)
FNF:18
FNH:0
FNDA:0,initCrashReporter
FNDA:0,checkPreviousCrashes
FNDA:0,(anonymous_2)
FNDA:0,(anonymous_3)
FNDA:0,cleanupOldCrashes
FNDA:0,(anonymous_5)
FNDA:0,(anonymous_6)
FNDA:0,(anonymous_7)
FNDA:0,captureErrorContext
FNDA:0,saveErrorContext
FNDA:0,handleCrash
FNDA:0,(anonymous_11)
FNDA:0,setupCrashHandlers
FNDA:0,(anonymous_13)
FNDA:0,(anonymous_14)
FNDA:0,healthCheck
FNDA:0,startHealthMonitoring
FNDA:0,(anonymous_17)
DA:7,0
DA:8,0
DA:9,0
DA:10,0
DA:20,0
DA:21,0
DA:24,0
DA:25,0
DA:29,0
DA:45,0
DA:46,0
DA:49,0
DA:51,0
DA:53,0
DA:54,0
DA:66,0
DA:67,0
DA:68,0
DA:71,0
DA:72,0
DA:74,0
DA:75,0
DA:78,0
DA:79,0
DA:80,0
DA:81,0
DA:85,0
DA:86,0
DA:89,0
DA:92,0
DA:100,0
DA:101,0
DA:108,0
DA:109,0
DA:112,0
DA:113,0
DA:116,0
DA:128,0
DA:155,0
DA:162,0
DA:163,0
DA:164,0
DA:166,0
DA:167,0
DA:169,0
DA:171,0
DA:172,0
DA:184,0
DA:186,0
DA:187,0
DA:189,0
DA:193,0
DA:194,0
DA:195,0
DA:198,0
DA:199,0
DA:202,0
DA:203,0
DA:207,0
DA:208,0
DA:209,0
DA:219,0
DA:220,0
DA:224,0
DA:225,0
DA:226,0
DA:229,0
DA:240,0
DA:249,0
DA:250,0
DA:251,0
DA:252,0
DA:255,0
DA:262,0
DA:264,0
DA:265,0
DA:266,0
DA:269,0
DA:276,0
LF:79
LH:0
BRDA:24,0,0,0
BRDA:24,0,1,0
BRDA:67,1,0,0
BRDA:67,1,1,0
BRDA:74,2,0,0
BRDA:74,2,1,0
BRDA:85,3,0,0
BRDA:85,3,1,0
BRDA:183,4,0,0
BRDA:186,5,0,0
BRDA:186,5,1,0
BRDA:198,6,0,0
BRDA:198,6,1,0
BRDA:208,7,0,0
BRDA:208,7,1,0
BRDA:225,8,0,0
BRDA:225,8,1,0
BRDA:250,9,0,0
BRDA:250,9,1,0
BRDA:261,10,0,0
BRF:20
BRH:0
end_of_record
TN:
SF:electron/database.js
FN:25,(anonymous_0)
FN:38,(anonymous_1)
FN:52,(anonymous_2)
FN:63,(anonymous_3)
FN:76,(anonymous_4)
FN:86,(anonymous_5)
FN:96,(anonymous_6)
FN:116,initDatabase
FN:141,createTables
FN:311,getProducts
FN:324,searchProducts
FN:347,getProductBySku
FN:361,upsertProduct
FN:401,updateProductStock
FN:418,createTransaction
FN:460,(anonymous_15)
FN:476,(anonymous_16)
FN:504,(anonymous_17)
FN:561,getTransactions
FN:591,getTransaction
FN:614,holdTransaction
FN:655,getHeldTransactions
FN:662,(anonymous_22)
FN:672,recallTransaction
FN:689,deleteHeldTransaction
FN:704,getSyncQueue
FN:715,clearSyncQueue
FN:717,(anonymous_27)
FN:727,updateSyncQueueError
FN:747,wrapIpcHandler
FN:748,(anonymous_30)
FN:766,setupIpcHandlers
FN:769,(anonymous_32)
FN:773,(anonymous_33)
FN:777,(anonymous_34)
FN:781,(anonymous_35)
FN:791,(anonymous_36)
FN:795,(anonymous_37)
FN:805,(anonymous_38)
FN:813,(anonymous_39)
FN:817,(anonymous_40)
FN:821,(anonymous_41)
FN:828,(anonymous_42)
FN:836,(anonymous_43)
FN:840,(anonymous_44)
FN:843,(anonymous_45)
FN:857,closeDatabase
FNF:47
FNH:0
FNDA:0,(anonymous_0)
FNDA:0,(anonymous_1)
FNDA:0,(anonymous_2)
FNDA:0,(anonymous_3)
FNDA:0,(anonymous_4)
FNDA:0,(anonymous_5)
FNDA:0,(anonymous_6)
FNDA:0,initDatabase
FNDA:0,createTables
FNDA:0,getProducts
FNDA:0,searchProducts
FNDA:0,getProductBySku
FNDA:0,upsertProduct
FNDA:0,updateProductStock
FNDA:0,createTransaction
FNDA:0,(anonymous_15)
FNDA:0,(anonymous_16)
FNDA:0,(anonymous_17)
FNDA:0,getTransactions
FNDA:0,getTransaction
FNDA:0,holdTransaction
FNDA:0,getHeldTransactions
FNDA:0,(anonymous_22)
FNDA:0,recallTransaction
FNDA:0,deleteHeldTransaction
FNDA:0,getSyncQueue
FNDA:0,clearSyncQueue
FNDA:0,(anonymous_27)
FNDA:0,updateSyncQueueError
FNDA:0,wrapIpcHandler
FNDA:0,(anonymous_30)
FNDA:0,setupIpcHandlers
FNDA:0,(anonymous_32)
FNDA:0,(anonymous_33)
FNDA:0,(anonymous_34)
FNDA:0,(anonymous_35)
FNDA:0,(anonymous_36)
FNDA:0,(anonymous_37)
FNDA:0,(anonymous_38)
FNDA:0,(anonymous_39)
FNDA:0,(anonymous_40)
FNDA:0,(anonymous_41)
FNDA:0,(anonymous_42)
FNDA:0,(anonymous_43)
FNDA:0,(anonymous_44)
FNDA:0,(anonymous_45)
FNDA:0,closeDatabase
DA:8,0
DA:9,0
DA:10,0
DA:12,0
DA:21,0
DA:26,0
DA:27,0
DA:29,0
DA:30,0
DA:32,0
DA:39,0
DA:40,0
DA:41,0
DA:43,0
DA:44,0
DA:46,0
DA:53,0
DA:54,0
DA:55,0
DA:57,0
DA:64,0
DA:65,0
DA:67,0
DA:68,0
DA:70,0
DA:77,0
DA:78,0
DA:80,0
DA:87,0
DA:88,0
DA:90,0
DA:97,0
DA:98,0
DA:101,0
DA:102,0
DA:105,0
DA:106,0
DA:109,0
DA:117,0
DA:118,0
DA:119,0
DA:121,0
DA:124,0
DA:125,0
DA:127,0
DA:128,0
DA:130,0
DA:131,0
DA:133,0
DA:134,0
DA:142,0
DA:304,0
DA:312,0
DA:313,0
DA:319,0
DA:320,0
DA:325,0
DA:327,0
DA:329,0
DA:330,0
DA:333,0
DA:334,0
DA:342,0
DA:343,0
DA:348,0
DA:350,0
DA:352,0
DA:356,0
DA:357,0
DA:362,0
DA:363,0
DA:381,0
DA:396,0
DA:397,0
DA:402,0
DA:403,0
DA:409,0
DA:410,0
DA:419,0
DA:421,0
DA:424,0
DA:453,0
DA:455,0
DA:456,0
DA:460,0
DA:461,0
DA:463,0
DA:476,0
DA:477,0
DA:479,0
DA:480,0
DA:484,0
DA:491,0
DA:498,0
DA:504,0
DA:506,0
DA:522,0
DA:525,0
DA:526,0
DA:539,0
DA:543,0
DA:550,0
DA:553,0
DA:554,0
DA:556,0
DA:557,0
DA:562,0
DA:563,0
DA:564,0
DA:566,0
DA:567,0
DA:568,0
DA:571,0
DA:572,0
DA:573,0
DA:576,0
DA:577,0
DA:578,0
DA:581,0
DA:582,0
DA:584,0
DA:586,0
DA:587,0
DA:592,0
DA:593,0
DA:597,0
DA:598,0
DA:603,0
DA:605,0
DA:606,0
DA:615,0
DA:617,0
DA:619,0
DA:629,0
DA:630,0
DA:633,0
DA:640,0
DA:650,0
DA:651,0
DA:656,0
DA:657,0
DA:662,0
DA:667,0
DA:668,0
DA:673,0
DA:674,0
DA:678,0
DA:679,0
DA:682,0
DA:684,0
DA:685,0
DA:690,0
DA:691,0
DA:695,0
DA:696,0
DA:705,0
DA:706,0
DA:710,0
DA:711,0
DA:716,0
DA:717,0
DA:718,0
DA:722,0
DA:723,0
DA:728,0
DA:729,0
DA:736,0
DA:748,0
DA:749,0
DA:750,0
DA:751,0
DA:752,0
DA:753,0
DA:755,0
DA:757,0
DA:768,0
DA:769,0
DA:772,0
DA:773,0
DA:776,0
DA:777,0
DA:780,0
DA:783,0
DA:784,0
DA:785,0
DA:790,0
DA:791,0
DA:794,0
DA:797,0
DA:798,0
DA:800,0
DA:804,0
DA:806,0
DA:807,0
DA:812,0
DA:813,0
DA:816,0
DA:817,0
DA:820,0
DA:822,0
DA:823,0
DA:827,0
DA:829,0
DA:830,0
DA:835,0
DA:836,0
DA:839,0
DA:841,0
DA:843,0
DA:844,0
DA:846,0
DA:850,0
DA:858,0
DA:859,0
DA:860,0
DA:868,0
LF:216
LH:0
BRDA:25,0,0,0
BRDA:26,1,0,0
BRDA:26,1,1,0
BRDA:29,2,0,0
BRDA:29,2,1,0
BRDA:38,3,0,0
BRDA:38,4,0,0
BRDA:40,5,0,0
BRDA:40,5,1,0
BRDA:43,6,0,0
BRDA:43,6,1,0
BRDA:43,7,0,0
BRDA:43,7,1,0
BRDA:52,8,0,0
BRDA:52,9,0,0
BRDA:54,10,0,0
BRDA:54,10,1,0
BRDA:63,11,0,0
BRDA:64,12,0,0
BRDA:64,12,1,0
BRDA:67,13,0,0
BRDA:67,13,1,0
BRDA:77,14,0,0
BRDA:77,14,1,0
BRDA:77,15,0,0
BRDA:77,15,1,0
BRDA:77,15,2,0
BRDA:87,16,0,0
BRDA:87,16,1,0
BRDA:96,17,0,0
BRDA:97,18,0,0
BRDA:97,18,1,0
BRDA:105,19,0,0
BRDA:105,19,1,0
BRDA:329,20,0,0
BRDA:329,20,1,0
BRDA:385,21,0,0
BRDA:385,21,1,0
BRDA:386,22,0,0
BRDA:386,22,1,0
BRDA:387,23,0,0
BRDA:387,23,1,0
BRDA:389,24,0,0
BRDA:389,24,1,0
BRDA:390,25,0,0
BRDA:390,25,1,0
BRDA:391,26,0,0
BRDA:391,26,1,0
BRDA:392,27,0,0
BRDA:392,27,1,0
BRDA:393,28,0,0
BRDA:393,28,1,0
BRDA:426,29,0,0
BRDA:426,29,1,0
BRDA:427,30,0,0
BRDA:427,30,1,0
BRDA:428,31,0,0
BRDA:428,31,1,0
BRDA:429,32,0,0
BRDA:429,32,1,0
BRDA:431,33,0,0
BRDA:431,33,1,0
BRDA:432,34,0,0
BRDA:432,34,1,0
BRDA:440,35,0,0
BRDA:440,35,1,0
BRDA:444,36,0,0
BRDA:444,36,1,0
BRDA:446,37,0,0
BRDA:446,37,1,0
BRDA:455,38,0,0
BRDA:455,38,1,0
BRDA:470,39,0,0
BRDA:470,39,1,0
BRDA:479,40,0,0
BRDA:479,40,1,0
BRDA:561,41,0,0
BRDA:566,42,0,0
BRDA:566,42,1,0
BRDA:571,43,0,0
BRDA:571,43,1,0
BRDA:576,44,0,0
BRDA:576,44,1,0
BRDA:582,45,0,0
BRDA:582,45,1,0
BRDA:597,46,0,0
BRDA:597,46,1,0
BRDA:621,47,0,0
BRDA:621,47,1,0
BRDA:622,48,0,0
BRDA:622,48,1,0
BRDA:623,49,0,0
BRDA:623,49,1,0
BRDA:626,50,0,0
BRDA:626,50,1,0
BRDA:629,51,0,0
BRDA:629,51,1,0
BRDA:678,52,0,0
BRDA:678,52,1,0
BRDA:750,53,0,0
BRDA:750,53,1,0
BRDA:760,54,0,0
BRDA:760,54,1,0
BRDA:797,55,0,0
BRDA:797,55,1,0
BRDA:797,56,0,0
BRDA:797,56,1,0
BRDA:800,57,0,0
BRDA:800,57,1,0
BRDA:858,58,0,0
BRDA:858,58,1,0
BRF:111
BRH:0
end_of_record
TN:
SF:electron/hardware.js
FN:15,initHardware
FN:40,initBarcodeScanner
FN:52,(anonymous_2)
FN:73,(anonymous_3)
FN:91,initReceiptPrinter
FN:111,printReceipt
FN:139,(anonymous_6)
FN:159,generateReceiptHtml
FN:239,(anonymous_8)
FN:301,formatCurrency
FN:308,openCashDrawer
FN:326,setupIpcHandlers
FN:327,(anonymous_12)
FN:332,(anonymous_13)
FN:336,(anonymous_14)
FN:344,cleanupHardware
FNF:16
FNH:0
FNDA:0,initHardware
FNDA:0,initBarcodeScanner
FNDA:0,(anonymous_2)
FNDA:0,(anonymous_3)
FNDA:0,initReceiptPrinter
FNDA:0,printReceipt
FNDA:0,(anonymous_6)
FNDA:0,generateReceiptHtml
FNDA:0,(anonymous_8)
FNDA:0,formatCurrency
FNDA:0,openCashDrawer
FNDA:0,setupIpcHandlers
FNDA:0,(anonymous_12)
FNDA:0,(anonymous_13)
FNDA:0,(anonymous_14)
FNDA:0,cleanupHardware
DA:6,0
DA:8,0
DA:9,0
DA:10,0
DA:16,0
DA:18,0
DA:20,0
DA:22,0
DA:25,0
DA:28,0
DA:30,0
DA:32,0
DA:41,0
DA:45,0
DA:48,0
DA:49,0
DA:50,0
DA:52,0
DA:54,0
DA:55,0
DA:57,0
DA:58,0
DA:59,0
DA:61,0
DA:62,0
DA:63,0
DA:65,0
DA:67,0
DA:70,0
DA:71,0
DA:73,0
DA:74,0
DA:81,0
DA:83,0
DA:84,0
DA:92,0
DA:99,0
DA:101,0
DA:103,0
DA:104,0
DA:112,0
DA:113,0
DA:116,0
DA:119,0
DA:120,0
DA:128,0
DA:131,0
DA:139,0
DA:140,0
DA:141,0
DA:143,0
DA:145,0
DA:149,0
DA:151,0
DA:152,0
DA:160,0
DA:162,0
DA:239,0
DA:302,0
DA:309,0
DA:310,0
DA:315,0
DA:316,0
DA:318,0
DA:319,0
DA:327,0
DA:329,0
DA:332,0
DA:333,0
DA:336,0
DA:337,0
DA:345,0
DA:348,0
DA:350,0
DA:354,0
DA:356,0
DA:359,0
DA:366,0
LF:78
LH:0
BRDA:48,0,0,0
BRDA:48,0,1,0
BRDA:54,1,0,0
BRDA:54,1,1,0
BRDA:55,2,0,0
BRDA:55,2,1,0
BRDA:55,3,0,0
BRDA:55,3,1,0
BRDA:61,4,0,0
BRDA:61,4,1,0
BRDA:65,5,0,0
BRDA:65,5,1,0
BRDA:70,6,0,0
BRDA:70,6,1,0
BRDA:119,7,0,0
BRDA:119,7,1,0
BRDA:140,8,0,0
BRDA:140,8,1,0
BRDA:160,9,0,0
BRDA:160,9,1,0
BRDA:224,10,0,0
BRDA:224,10,1,0
BRDA:225,11,0,0
BRDA:225,11,1,0
BRDA:257,12,0,0
BRDA:257,12,1,0
BRDA:263,13,0,0
BRDA:263,13,1,0
BRDA:291,14,0,0
BRDA:291,14,1,0
BRDA:348,15,0,0
BRDA:348,15,1,0
BRDA:354,16,0,0
BRDA:354,16,1,0
BRF:34
BRH:0
end_of_record
TN:
SF:electron/is-dev.js
FNF:0
FNH:0
DA:6,0
LF:1
LH:0
BRDA:6,0,0,0
BRDA:6,0,1,0
BRDA:6,0,2,0
BRDA:6,0,3,0
BRF:4
BRH:0
end_of_record
TN:
SF:electron/logger.js
FN:18,initLogger
FN:22,(anonymous_1)
FN:66,(anonymous_2)
FN:73,(anonymous_3)
FN:80,(anonymous_4)
FN:87,(anonymous_5)
FN:94,(anonymous_6)
FN:109,(anonymous_7)
FN:124,(anonymous_8)
FN:131,(anonymous_9)
FN:138,(anonymous_10)
FN:145,(anonymous_11)
FN:153,(anonymous_12)
FN:160,(anonymous_13)
FN:167,(anonymous_14)
FN:174,(anonymous_15)
FN:181,(anonymous_16)
FN:192,(anonymous_17)
FN:194,(anonymous_18)
FN:203,(anonymous_19)
FN:218,setupErrorHandlers
FN:220,(anonymous_21)
FN:224,(anonymous_22)
FN:230,(anonymous_23)
FN:238,(anonymous_24)
FN:256,createTimer
FN:260,(anonymous_26)
FN:271,measureAsync
FN:290,rotateLogs
FN:300,(anonymous_29)
FN:305,(anonymous_30)
FN:310,(anonymous_31)
FN:312,(anonymous_32)
FNF:33
FNH:0
FNDA:0,initLogger
FNDA:0,(anonymous_1)
FNDA:0,(anonymous_2)
FNDA:0,(anonymous_3)
FNDA:0,(anonymous_4)
FNDA:0,(anonymous_5)
FNDA:0,(anonymous_6)
FNDA:0,(anonymous_7)
FNDA:0,(anonymous_8)
FNDA:0,(anonymous_9)
FNDA:0,(anonymous_10)
FNDA:0,(anonymous_11)
FNDA:0,(anonymous_12)
FNDA:0,(anonymous_13)
FNDA:0,(anonymous_14)
FNDA:0,(anonymous_15)
FNDA:0,(anonymous_16)
FNDA:0,(anonymous_17)
FNDA:0,(anonymous_18)
FNDA:0,(anonymous_19)
FNDA:0,setupErrorHandlers
FNDA:0,(anonymous_21)
FNDA:0,(anonymous_22)
FNDA:0,(anonymous_23)
FNDA:0,(anonymous_24)
FNDA:0,createTimer
FNDA:0,(anonymous_26)
FNDA:0,measureAsync
FNDA:0,rotateLogs
FNDA:0,(anonymous_29)
FNDA:0,(anonymous_30)
FNDA:0,(anonymous_31)
FNDA:0,(anonymous_32)
DA:7,0
DA:8,0
DA:9,0
DA:19,0
DA:21,0
DA:22,0
DA:25,0
DA:26,0
DA:27,0
DA:30,0
DA:31,0
DA:34,0
DA:37,0
DA:38,0
DA:39,0
DA:40,0
DA:41,0
DA:42,0
DA:43,0
DA:44,0
DA:45,0
DA:46,0
DA:48,0
DA:50,0
DA:51,0
DA:62,0
DA:67,0
DA:74,0
DA:81,0
DA:88,0
DA:95,0
DA:96,0
DA:102,0
DA:110,0
DA:111,0
DA:117,0
DA:125,0
DA:132,0
DA:139,0
DA:146,0
DA:147,0
DA:154,0
DA:161,0
DA:168,0
DA:175,0
DA:182,0
DA:183,0
DA:184,0
DA:185,0
DA:193,0
DA:194,0
DA:195,0
DA:197,0
DA:204,0
DA:205,0
DA:206,0
DA:207,0
DA:220,0
DA:221,0
DA:224,0
DA:225,0
DA:230,0
DA:231,0
DA:238,0
DA:239,0
DA:246,0
DA:257,0
DA:259,0
DA:261,0
DA:262,0
DA:263,0
DA:272,0
DA:273,0
DA:274,0
DA:275,0
DA:276,0
DA:278,0
DA:279,0
DA:291,0
DA:292,0
DA:293,0
DA:295,0
DA:296,0
DA:299,0
DA:300,0
DA:303,0
DA:304,0
DA:305,0
DA:310,0
DA:313,0
DA:314,0
DA:318,0
DA:326,0
LF:93
LH:0
BRDA:30,0,0,0
BRDA:30,0,1,0
BRDA:40,1,0,0
BRDA:40,1,1,0
BRDA:95,2,0,0
BRDA:95,2,1,0
BRDA:110,3,0,0
BRDA:110,3,1,0
BRDA:146,4,0,0
BRDA:146,4,1,0
BRDA:183,5,0,0
BRDA:183,5,1,0
BRDA:205,6,0,0
BRDA:205,6,1,0
BRDA:295,7,0,0
BRDA:295,7,1,0
BRDA:303,8,0,0
BRDA:303,8,1,0
BRF:18
BRH:0
end_of_record
TN:
SF:electron/main.js
FN:46,(anonymous_0)
FN:59,createWindow
FN:100,(anonymous_2)
FN:107,(anonymous_3)
FN:116,(anonymous_4)
FN:124,initializeApp
FN:194,cleanup
FN:238,(anonymous_7)
FN:242,(anonymous_8)
FN:251,(anonymous_9)
FN:258,(anonymous_10)
FN:272,(anonymous_11)
FN:277,(anonymous_12)
FN:282,(anonymous_13)
FN:292,(anonymous_14)
FN:299,(anonymous_15)
FN:310,(anonymous_16)
FN:317,(anonymous_17)
FN:323,(anonymous_18)
FN:325,(anonymous_19)
FN:326,(anonymous_20)
FN:330,(anonymous_21)
FN:336,(anonymous_22)
FN:341,(anonymous_23)
FN:351,(anonymous_24)
FN:367,(anonymous_25)
FN:377,(anonymous_26)
FN:387,(anonymous_27)
FN:397,(anonymous_28)
FN:408,(anonymous_29)
FN:425,(anonymous_30)
FN:438,(anonymous_31)
FN:441,(anonymous_32)
FN:442,(anonymous_33)
FNF:34
FNH:0
FNDA:0,(anonymous_0)
FNDA:0,createWindow
FNDA:0,(anonymous_2)
FNDA:0,(anonymous_3)
FNDA:0,(anonymous_4)
FNDA:0,initializeApp
FNDA:0,cleanup
FNDA:0,(anonymous_7)
FNDA:0,(anonymous_8)
FNDA:0,(anonymous_9)
FNDA:0,(anonymous_10)
FNDA:0,(anonymous_11)
FNDA:0,(anonymous_12)
FNDA:0,(anonymous_13)
FNDA:0,(anonymous_14)
FNDA:0,(anonymous_15)
FNDA:0,(anonymous_16)
FNDA:0,(anonymous_17)
FNDA:0,(anonymous_18)
FNDA:0,(anonymous_19)
FNDA:0,(anonymous_20)
FNDA:0,(anonymous_21)
FNDA:0,(anonymous_22)
FNDA:0,(anonymous_23)
FNDA:0,(anonymous_24)
FNDA:0,(anonymous_25)
FNDA:0,(anonymous_26)
FNDA:0,(anonymous_27)
FNDA:0,(anonymous_28)
FNDA:0,(anonymous_29)
FNDA:0,(anonymous_30)
FNDA:0,(anonymous_31)
FNDA:0,(anonymous_32)
FNDA:0,(anonymous_33)
DA:12,0
DA:13,0
DA:14,0
DA:17,0
DA:18,0
DA:19,0
DA:20,0
DA:21,0
DA:24,0
DA:25,0
DA:26,0
DA:27,0
DA:30,0
DA:33,0
DA:34,0
DA:35,0
DA:38,0
DA:46,0
DA:47,0
DA:48,0
DA:49,0
DA:60,0
DA:62,0
DA:80,0
DA:84,0
DA:87,0
DA:88,0
DA:92,0
DA:95,0
DA:96,0
DA:97,0
DA:100,0
DA:101,0
DA:102,0
DA:103,0
DA:107,0
DA:109,0
DA:110,0
DA:112,0
DA:116,0
DA:117,0
DA:125,0
DA:126,0
DA:129,0
DA:132,0
DA:135,0
DA:136,0
DA:139,0
DA:142,0
DA:145,0
DA:148,0
DA:149,0
DA:152,0
DA:153,0
DA:154,0
DA:157,0
DA:158,0
DA:161,0
DA:162,0
DA:165,0
DA:166,0
DA:167,0
DA:169,0
DA:172,0
DA:173,0
DA:176,0
DA:186,0
DA:187,0
DA:195,0
DA:197,0
DA:199,0
DA:200,0
DA:201,0
DA:205,0
DA:206,0
DA:208,0
DA:209,0
DA:211,0
DA:212,0
DA:215,0
DA:216,0
DA:218,0
DA:219,0
DA:221,0
DA:222,0
DA:224,0
DA:225,0
DA:227,0
DA:228,0
DA:230,0
DA:238,0
DA:239,0
DA:240,0
DA:242,0
DA:243,0
DA:244,0
DA:245,0
DA:246,0
DA:251,0
DA:252,0
DA:253,0
DA:254,0
DA:258,0
DA:259,0
DA:260,0
DA:261,0
DA:262,0
DA:263,0
DA:272,0
DA:273,0
DA:277,0
DA:278,0
DA:282,0
DA:283,0
DA:284,0
DA:285,0
DA:286,0
DA:288,0
DA:292,0
DA:293,0
DA:294,0
DA:299,0
DA:300,0
DA:301,0
DA:302,0
DA:304,0
DA:310,0
DA:311,0
DA:312,0
DA:317,0
DA:318,0
DA:319,0
DA:323,0
DA:324,0
DA:325,0
DA:326,0
DA:330,0
DA:331,0
DA:332,0
DA:336,0
DA:337,0
DA:338,0
DA:341,0
DA:342,0
DA:343,0
DA:351,0
DA:352,0
DA:353,0
DA:359,0
DA:361,0
DA:362,0
DA:367,0
DA:368,0
DA:369,0
DA:371,0
DA:372,0
DA:377,0
DA:378,0
DA:379,0
DA:381,0
DA:382,0
DA:387,0
DA:388,0
DA:389,0
DA:391,0
DA:392,0
DA:397,0
DA:398,0
DA:399,0
DA:400,0
DA:402,0
DA:403,0
DA:408,0
DA:409,0
DA:410,0
DA:412,0
DA:413,0
DA:425,0
DA:426,0
DA:436,0
DA:438,0
DA:439,0
DA:440,0
DA:441,0
DA:442,0
LF:185
LH:0
BRDA:80,0,0,0
BRDA:80,0,1,0
BRDA:87,1,0,0
BRDA:87,1,1,0
BRDA:101,2,0,0
BRDA:101,2,1,0
BRDA:109,3,0,0
BRDA:109,3,1,0
BRDA:165,4,0,0
BRDA:165,4,1,0
BRDA:178,5,0,0
BRDA:178,5,1,0
BRDA:199,6,0,0
BRDA:199,6,1,0
BRDA:243,7,0,0
BRDA:243,7,1,0
BRDA:245,8,0,0
BRDA:245,8,1,0
BRDA:252,9,0,0
BRDA:252,9,1,0
BRDA:259,10,0,0
BRDA:259,10,1,0
BRDA:283,11,0,0
BRDA:283,11,1,0
BRDA:293,12,0,0
BRDA:293,12,1,0
BRDA:300,13,0,0
BRDA:300,13,1,0
BRDA:301,14,0,0
BRDA:301,14,1,0
BRDA:311,15,0,0
BRDA:311,15,1,0
BRDA:436,16,0,0
BRDA:436,16,1,0
BRF:34
BRH:0
end_of_record
TN:
SF:electron/memory-manager.js
FN:25,registerListener
FN:54,unregisterListener
FN:64,(anonymous_2)
FN:83,getListenerStats
FN:108,logListenerStats
FN:121,getMemoryUsage
FN:136,checkMemoryLeaks
FN:181,forceGarbageCollection
FN:200,cleanupListeners
FN:225,cleanupAllListeners
FN:245,cleanupWindowListeners
FN:251,(anonymous_11)
FN:278,startMemoryMonitoring
FN:286,(anonymous_13)
FN:310,stopMemoryMonitoring
FN:325,createTrackedListener
FN:333,(anonymous_16)
FN:342,createTrackedOnceListener
FN:343,(anonymous_18)
FN:351,(anonymous_19)
FN:364,initMemoryManager
FNF:21
FNH:0
FNDA:0,registerListener
FNDA:0,unregisterListener
FNDA:0,(anonymous_2)
FNDA:0,getListenerStats
FNDA:0,logListenerStats
FNDA:0,getMemoryUsage
FNDA:0,checkMemoryLeaks
FNDA:0,forceGarbageCollection
FNDA:0,cleanupListeners
FNDA:0,cleanupAllListeners
FNDA:0,cleanupWindowListeners
FNDA:0,(anonymous_11)
FNDA:0,startMemoryMonitoring
FNDA:0,(anonymous_13)
FNDA:0,stopMemoryMonitoring
FNDA:0,createTrackedListener
FNDA:0,(anonymous_16)
FNDA:0,createTrackedOnceListener
FNDA:0,(anonymous_18)
FNDA:0,(anonymous_19)
FNDA:0,initMemoryManager
DA:7,0
DA:16,0
DA:26,0
DA:27,0
DA:28,0
DA:29,0
DA:32,0
DA:34,0
DA:35,0
DA:38,0
DA:45,0
DA:47,0
DA:55,0
DA:56,0
DA:57,0
DA:60,0
DA:61,0
DA:63,0
DA:64,0
DA:65,0
DA:66,0
DA:67,0
DA:71,0
DA:72,0
DA:76,0
DA:84,0
DA:86,0
DA:87,0
DA:88,0
DA:90,0
DA:91,0
DA:92,0
DA:93,0
DA:96,0
DA:102,0
DA:109,0
DA:110,0
DA:111,0
DA:122,0
DA:124,0
DA:137,0
DA:138,0
DA:141,0
DA:142,0
DA:144,0
DA:147,0
DA:148,0
DA:156,0
DA:157,0
DA:158,0
DA:166,0
DA:167,0
DA:170,0
DA:182,0
DA:183,0
DA:184,0
DA:185,0
DA:186,0
DA:188,0
DA:189,0
DA:201,0
DA:202,0
DA:203,0
DA:204,0
DA:207,0
DA:208,0
DA:209,0
DA:212,0
DA:213,0
DA:215,0
DA:217,0
DA:218,0
DA:226,0
DA:227,0
DA:229,0
DA:230,0
DA:231,0
DA:234,0
DA:235,0
DA:237,0
DA:238,0
DA:246,0
DA:247,0
DA:249,0
DA:250,0
DA:251,0
DA:252,0
DA:254,0
DA:255,0
DA:257,0
DA:261,0
DA:262,0
DA:264,0
DA:265,0
DA:273,0
DA:279,0
DA:280,0
DA:281,0
DA:284,0
DA:286,0
DA:287,0
DA:290,0
DA:291,0
DA:294,0
DA:297,0
DA:299,0
DA:300,0
DA:304,0
DA:311,0
DA:312,0
DA:313,0
DA:314,0
DA:327,0
DA:330,0
DA:333,0
DA:334,0
DA:335,0
DA:343,0
DA:344,0
DA:345,0
DA:348,0
DA:349,0
DA:351,0
DA:352,0
DA:353,0
DA:365,0
DA:366,0
DA:369,0
DA:372,0
DA:373,0
DA:375,0
DA:376,0
DA:378,0
DA:379,0
DA:387,0
LF:135
LH:0
BRDA:25,0,0,0
BRDA:27,1,0,0
BRDA:27,1,1,0
BRDA:34,2,0,0
BRDA:34,2,1,0
BRDA:54,3,0,0
BRDA:56,4,0,0
BRDA:56,4,1,0
BRDA:63,5,0,0
BRDA:63,5,1,0
BRDA:65,6,0,0
BRDA:65,6,1,0
BRDA:71,7,0,0
BRDA:71,7,1,0
BRDA:93,8,0,0
BRDA:93,8,1,0
BRDA:147,9,0,0
BRDA:147,9,1,0
BRDA:157,10,0,0
BRDA:157,10,1,0
BRDA:166,11,0,0
BRDA:166,11,1,0
BRDA:182,12,0,0
BRDA:182,12,1,0
BRDA:202,13,0,0
BRDA:202,13,1,0
BRDA:254,14,0,0
BRDA:254,14,1,0
BRDA:278,15,0,0
BRDA:279,16,0,0
BRDA:279,16,1,0
BRDA:299,17,0,0
BRDA:299,17,1,0
BRDA:311,18,0,0
BRDA:311,18,1,0
BRDA:325,19,0,0
BRDA:325,20,0,0
BRDA:342,21,0,0
BRDA:342,22,0,0
BRF:39
BRH:0
end_of_record
TN:
SF:electron/menu.js
FN:22,createMenuTemplate
FN:35,(anonymous_1)
FN:60,(anonymous_2)
FN:70,(anonymous_3)
FN:80,(anonymous_4)
FN:91,(anonymous_5)
FN:140,(anonymous_6)
FN:150,(anonymous_7)
FN:160,(anonymous_8)
FN:187,(anonymous_9)
FN:196,(anonymous_10)
FN:235,(anonymous_11)
FN:243,(anonymous_12)
FN:251,(anonymous_13)
FN:259,(anonymous_14)
FN:267,(anonymous_15)
FN:275,(anonymous_16)
FN:292,(anonymous_17)
FN:301,(anonymous_18)
FN:310,(anonymous_19)
FN:319,(anonymous_20)
FN:329,(anonymous_21)
FN:348,showKeyboardShortcuts
FN:392,showMemoryUsage
FN:407,(anonymous_24)
FN:422,showAboutDialog
FN:452,updateOnlineStatus
FN:470,initMenu
FNF:28
FNH:0
FNDA:0,createMenuTemplate
FNDA:0,(anonymous_1)
FNDA:0,(anonymous_2)
FNDA:0,(anonymous_3)
FNDA:0,(anonymous_4)
FNDA:0,(anonymous_5)
FNDA:0,(anonymous_6)
FNDA:0,(anonymous_7)
FNDA:0,(anonymous_8)
FNDA:0,(anonymous_9)
FNDA:0,(anonymous_10)
FNDA:0,(anonymous_11)
FNDA:0,(anonymous_12)
FNDA:0,(anonymous_13)
FNDA:0,(anonymous_14)
FNDA:0,(anonymous_15)
FNDA:0,(anonymous_16)
FNDA:0,(anonymous_17)
FNDA:0,(anonymous_18)
FNDA:0,(anonymous_19)
FNDA:0,(anonymous_20)
FNDA:0,(anonymous_21)
FNDA:0,showKeyboardShortcuts
FNDA:0,showMemoryUsage
FNDA:0,(anonymous_24)
FNDA:0,showAboutDialog
FNDA:0,updateOnlineStatus
FNDA:0,initMenu
DA:7,0
DA:8,0
DA:9,0
DA:10,0
DA:11,0
DA:13,0
DA:23,0
DA:25,0
DA:36,0
DA:37,0
DA:38,0
DA:61,0
DA:62,0
DA:63,0
DA:71,0
DA:72,0
DA:73,0
DA:81,0
DA:82,0
DA:83,0
DA:92,0
DA:93,0
DA:94,0
DA:141,0
DA:142,0
DA:143,0
DA:151,0
DA:152,0
DA:153,0
DA:161,0
DA:162,0
DA:163,0
DA:188,0
DA:189,0
DA:190,0
DA:197,0
DA:198,0
DA:199,0
DA:236,0
DA:237,0
DA:244,0
DA:245,0
DA:252,0
DA:253,0
DA:260,0
DA:261,0
DA:262,0
DA:268,0
DA:269,0
DA:276,0
DA:277,0
DA:285,0
DA:286,0
DA:293,0
DA:294,0
DA:302,0
DA:303,0
DA:311,0
DA:312,0
DA:313,0
DA:320,0
DA:321,0
DA:322,0
DA:330,0
DA:331,0
DA:338,0
DA:349,0
DA:350,0
DA:352,0
DA:380,0
DA:393,0
DA:394,0
DA:396,0
DA:407,0
DA:410,0
DA:423,0
DA:436,0
DA:453,0
DA:454,0
DA:456,0
DA:457,0
DA:458,0
DA:459,0
DA:471,0
DA:472,0
DA:474,0
DA:476,0
DA:477,0
DA:478,0
DA:480,0
DA:481,0
DA:483,0
DA:484,0
DA:492,0
LF:94
LH:0
BRDA:27,0,0,0
BRDA:27,0,1,0
BRDA:37,1,0,0
BRDA:37,1,1,0
BRDA:59,2,0,0
BRDA:59,2,1,0
BRDA:62,3,0,0
BRDA:62,3,1,0
BRDA:69,4,0,0
BRDA:69,4,1,0
BRDA:72,5,0,0
BRDA:72,5,1,0
BRDA:79,6,0,0
BRDA:79,6,1,0
BRDA:82,7,0,0
BRDA:82,7,1,0
BRDA:90,8,0,0
BRDA:90,8,1,0
BRDA:93,9,0,0
BRDA:93,9,1,0
BRDA:99,10,0,0
BRDA:99,10,1,0
BRDA:113,11,0,0
BRDA:113,11,1,0
BRDA:139,12,0,0
BRDA:139,12,1,0
BRDA:142,13,0,0
BRDA:142,13,1,0
BRDA:149,14,0,0
BRDA:149,14,1,0
BRDA:152,15,0,0
BRDA:152,15,1,0
BRDA:159,16,0,0
BRDA:159,16,1,0
BRDA:162,17,0,0
BRDA:162,17,1,0
BRDA:186,18,0,0
BRDA:186,18,1,0
BRDA:189,19,0,0
BRDA:189,19,1,0
BRDA:198,20,0,0
BRDA:198,20,1,0
BRDA:218,21,0,0
BRDA:218,21,1,0
BRDA:242,22,0,0
BRDA:242,22,1,0
BRDA:285,23,0,0
BRDA:285,23,1,0
BRDA:291,24,0,0
BRDA:291,24,1,0
BRDA:293,25,0,0
BRDA:293,25,1,0
BRDA:300,26,0,0
BRDA:300,26,1,0
BRDA:302,27,0,0
BRDA:302,27,1,0
BRDA:312,28,0,0
BRDA:312,28,1,0
BRDA:321,29,0,0
BRDA:321,29,1,0
BRDA:350,30,0,0
BRDA:350,30,1,0
BRDA:404,31,0,0
BRDA:404,31,1,0
BRDA:406,32,0,0
BRDA:406,32,1,0
BRDA:411,33,0,0
BRDA:411,33,1,0
BRDA:454,34,0,0
BRDA:454,34,1,0
BRDA:457,35,0,0
BRDA:457,35,1,0
BRDA:458,36,0,0
BRDA:458,36,1,0
BRF:74
BRH:0
end_of_record
TN:
SF:electron/preload.js
FN:15,(anonymous_0)
FN:16,(anonymous_1)
FN:17,(anonymous_2)
FN:20,(anonymous_3)
FN:21,(anonymous_4)
FN:22,(anonymous_5)
FN:24,(anonymous_6)
FN:26,(anonymous_7)
FN:27,(anonymous_8)
FN:29,(anonymous_9)
FN:31,(anonymous_10)
FN:32,(anonymous_11)
FN:34,(anonymous_12)
FN:39,(anonymous_13)
FN:40,(anonymous_14)
FN:41,(anonymous_15)
FN:42,(anonymous_16)
FN:43,(anonymous_17)
FN:46,(anonymous_18)
FN:49,(anonymous_19)
FN:50,(anonymous_20)
FN:54,(anonymous_21)
FN:55,(anonymous_22)
FN:56,(anonymous_23)
FN:57,(anonymous_24)
FN:58,(anonymous_25)
FN:59,(anonymous_26)
FN:64,(anonymous_27)
FN:65,(anonymous_28)
FN:66,(anonymous_29)
FN:67,(anonymous_30)
FN:69,(anonymous_31)
FN:70,(anonymous_32)
FN:71,(anonymous_33)
FN:73,(anonymous_34)
FN:74,(anonymous_35)
FN:75,(anonymous_36)
FN:76,(anonymous_37)
FN:78,(anonymous_38)
FN:79,(anonymous_39)
FN:84,(anonymous_40)
FN:85,(anonymous_41)
FN:86,(anonymous_42)
FN:87,(anonymous_43)
FN:93,(anonymous_44)
FN:94,(anonymous_45)
FN:95,(anonymous_46)
FN:96,(anonymous_47)
FN:97,(anonymous_48)
FN:99,(anonymous_49)
FN:105,(anonymous_50)
FN:115,(anonymous_51)
FN:119,(anonymous_52)
FN:124,(anonymous_53)
FN:144,(anonymous_54)
FN:149,(anonymous_55)
FN:154,(anonymous_56)
FN:159,(anonymous_57)
FN:168,(anonymous_58)
FNF:59
FNH:0
FNDA:0,(anonymous_0)
FNDA:0,(anonymous_1)
FNDA:0,(anonymous_2)
FNDA:0,(anonymous_3)
FNDA:0,(anonymous_4)
FNDA:0,(anonymous_5)
FNDA:0,(anonymous_6)
FNDA:0,(anonymous_7)
FNDA:0,(anonymous_8)
FNDA:0,(anonymous_9)
FNDA:0,(anonymous_10)
FNDA:0,(anonymous_11)
FNDA:0,(anonymous_12)
FNDA:0,(anonymous_13)
FNDA:0,(anonymous_14)
FNDA:0,(anonymous_15)
FNDA:0,(anonymous_16)
FNDA:0,(anonymous_17)
FNDA:0,(anonymous_18)
FNDA:0,(anonymous_19)
FNDA:0,(anonymous_20)
FNDA:0,(anonymous_21)
FNDA:0,(anonymous_22)
FNDA:0,(anonymous_23)
FNDA:0,(anonymous_24)
FNDA:0,(anonymous_25)
FNDA:0,(anonymous_26)
FNDA:0,(anonymous_27)
FNDA:0,(anonymous_28)
FNDA:0,(anonymous_29)
FNDA:0,(anonymous_30)
FNDA:0,(anonymous_31)
FNDA:0,(anonymous_32)
FNDA:0,(anonymous_33)
FNDA:0,(anonymous_34)
FNDA:0,(anonymous_35)
FNDA:0,(anonymous_36)
FNDA:0,(anonymous_37)
FNDA:0,(anonymous_38)
FNDA:0,(anonymous_39)
FNDA:0,(anonymous_40)
FNDA:0,(anonymous_41)
FNDA:0,(anonymous_42)
FNDA:0,(anonymous_43)
FNDA:0,(anonymous_44)
FNDA:0,(anonymous_45)
FNDA:0,(anonymous_46)
FNDA:0,(anonymous_47)
FNDA:0,(anonymous_48)
FNDA:0,(anonymous_49)
FNDA:0,(anonymous_50)
FNDA:0,(anonymous_51)
FNDA:0,(anonymous_52)
FNDA:0,(anonymous_53)
FNDA:0,(anonymous_54)
FNDA:0,(anonymous_55)
FNDA:0,(anonymous_56)
FNDA:0,(anonymous_57)
FNDA:0,(anonymous_58)
DA:6,0
DA:12,0
DA:15,0
DA:16,0
DA:17,0
DA:20,0
DA:22,0
DA:23,0
DA:24,0
DA:27,0
DA:28,0
DA:29,0
DA:32,0
DA:33,0
DA:34,0
DA:39,0
DA:40,0
DA:41,0
DA:42,0
DA:43,0
DA:46,0
DA:49,0
DA:50,0
DA:54,0
DA:55,0
DA:56,0
DA:57,0
DA:58,0
DA:59,0
DA:64,0
DA:65,0
DA:66,0
DA:67,0
DA:69,0
DA:70,0
DA:71,0
DA:73,0
DA:74,0
DA:75,0
DA:76,0
DA:78,0
DA:79,0
DA:84,0
DA:85,0
DA:87,0
DA:93,0
DA:94,0
DA:95,0
DA:97,0
DA:100,0
DA:106,0
DA:114,0
DA:115,0
DA:120,0
DA:125,0
DA:126,0
DA:127,0
DA:137,0
DA:144,0
DA:145,0
DA:146,0
DA:149,0
DA:150,0
DA:151,0
DA:154,0
DA:155,0
DA:156,0
DA:159,0
DA:160,0
DA:161,0
DA:168,0
DA:169,0
DA:170,0
LF:73
LH:0
BRDA:114,0,0,0
BRDA:114,0,1,0
BRDA:126,1,0,0
BRDA:126,1,1,0
BRF:4
BRH:0
end_of_record
TN:
SF:electron/rate-limiter.js
FN:14,(anonymous_0)
FN:23,(anonymous_1)
FN:36,(anonymous_2)
FN:60,(anonymous_3)
FN:69,(anonymous_4)
FN:77,(anonymous_5)
FN:87,(anonymous_6)
FN:96,(anonymous_7)
FN:168,getRateLimiter
FN:225,getRateLimitType
FN:232,isIpcAllowed
FN:241,getIpcRateLimitInfo
FN:258,resetIpcRateLimit
FN:271,createRateLimitMiddleware
FN:272,(anonymous_14)
FN:302,withRateLimit
FN:305,(anonymous_16)
FN:335,getRateLimitStats
FN:354,logRateLimitStats
FN:367,cleanupRateLimiters
FNF:20
FNH:0
FNDA:0,(anonymous_0)
FNDA:0,(anonymous_1)
FNDA:0,(anonymous_2)
FNDA:0,(anonymous_3)
FNDA:0,(anonymous_4)
FNDA:0,(anonymous_5)
FNDA:0,(anonymous_6)
FNDA:0,(anonymous_7)
FNDA:0,getRateLimiter
FNDA:0,getRateLimitType
FNDA:0,isIpcAllowed
FNDA:0,getIpcRateLimitInfo
FNDA:0,resetIpcRateLimit
FNDA:0,createRateLimitMiddleware
FNDA:0,(anonymous_14)
FNDA:0,withRateLimit
FNDA:0,(anonymous_16)
FNDA:0,getRateLimitStats
FNDA:0,logRateLimitStats
FNDA:0,cleanupRateLimiters
DA:7,0
DA:15,0
DA:16,0
DA:17,0
DA:24,0
DA:25,0
DA:28,0
DA:29,0
DA:32,0
DA:35,0
DA:36,0
DA:40,0
DA:41,0
DA:47,0
DA:51,0
DA:52,0
DA:54,0
DA:61,0
DA:62,0
DA:63,0
DA:70,0
DA:71,0
DA:78,0
DA:79,0
DA:81,0
DA:82,0
DA:85,0
DA:86,0
DA:87,0
DA:90,0
DA:97,0
DA:98,0
DA:109,0
DA:163,0
DA:169,0
DA:170,0
DA:171,0
DA:173,0
DA:183,0
DA:226,0
DA:233,0
DA:234,0
DA:235,0
DA:242,0
DA:243,0
DA:244,0
DA:246,0
DA:259,0
DA:260,0
DA:261,0
DA:272,0
DA:274,0
DA:276,0
DA:277,0
DA:279,0
DA:286,0
DA:295,0
DA:303,0
DA:305,0
DA:307,0
DA:309,0
DA:311,0
DA:315,0
DA:316,0
DA:318,0
DA:319,0
DA:336,0
DA:338,0
DA:339,0
DA:341,0
DA:348,0
DA:355,0
DA:356,0
DA:357,0
DA:368,0
DA:369,0
DA:371,0
DA:378,0
LF:78
LH:0
BRDA:23,0,0,0
BRDA:28,1,0,0
BRDA:28,1,1,0
BRDA:40,2,0,0
BRDA:40,2,1,0
BRDA:60,3,0,0
BRDA:77,4,0,0
BRDA:81,5,0,0
BRDA:81,5,1,0
BRDA:96,6,0,0
BRDA:169,7,0,0
BRDA:169,7,1,0
BRDA:170,8,0,0
BRDA:170,8,1,0
BRDA:226,9,0,0
BRDA:226,9,1,0
BRDA:244,10,0,0
BRDA:244,10,1,0
BRDA:276,11,0,0
BRDA:276,11,1,0
BRDA:309,12,0,0
BRDA:309,12,1,0
BRDA:339,13,0,0
BRDA:339,13,1,0
BRF:24
BRH:0
end_of_record
TN:
SF:electron/security.js
FN:99,buildCSPHeader
FN:101,(anonymous_1)
FN:113,setupCSP
FN:120,(anonymous_3)
FN:149,isAllowedNavigation
FN:154,(anonymous_5)
FN:171,isAllowedExternalDomain
FN:175,(anonymous_7)
FN:186,setupNavigationGuards
FN:191,(anonymous_9)
FN:206,(anonymous_10)
FN:211,(anonymous_11)
FN:230,(anonymous_12)
FN:242,(anonymous_13)
FN:265,setupPermissionHandlers
FN:269,(anonymous_15)
FN:290,(anonymous_16)
FN:315,setupProtocolHandlers
FN:327,(anonymous_18)
FN:359,setupWebSecurity
FN:366,(anonymous_20)
FN:375,(anonymous_21)
FN:387,(anonymous_22)
FN:412,initSecurity
FNF:24
FNH:0
FNDA:0,buildCSPHeader
FNDA:0,(anonymous_1)
FNDA:0,setupCSP
FNDA:0,(anonymous_3)
FNDA:0,isAllowedNavigation
FNDA:0,(anonymous_5)
FNDA:0,isAllowedExternalDomain
FNDA:0,(anonymous_7)
FNDA:0,setupNavigationGuards
FNDA:0,(anonymous_9)
FNDA:0,(anonymous_10)
FNDA:0,(anonymous_11)
FNDA:0,(anonymous_12)
FNDA:0,(anonymous_13)
FNDA:0,setupPermissionHandlers
FNDA:0,(anonymous_15)
FNDA:0,(anonymous_16)
FNDA:0,setupProtocolHandlers
FNDA:0,(anonymous_18)
FNDA:0,setupWebSecurity
FNDA:0,(anonymous_20)
FNDA:0,(anonymous_21)
FNDA:0,(anonymous_22)
FNDA:0,initSecurity
DA:7,0
DA:8,0
DA:9,0
DA:18,0
DA:77,0
DA:86,0
DA:100,0
DA:102,0
DA:103,0
DA:105,0
DA:114,0
DA:115,0
DA:117,0
DA:118,0
DA:120,0
DA:121,0
DA:134,0
DA:135,0
DA:137,0
DA:138,0
DA:150,0
DA:151,0
DA:154,0
DA:155,0
DA:156,0
DA:158,0
DA:161,0
DA:163,0
DA:164,0
DA:172,0
DA:173,0
DA:175,0
DA:176,0
DA:179,0
DA:187,0
DA:188,0
DA:191,0
DA:192,0
DA:194,0
DA:196,0
DA:197,0
DA:198,0
DA:201,0
DA:206,0
DA:207,0
DA:211,0
DA:212,0
DA:215,0
DA:217,0
DA:218,0
DA:219,0
DA:221,0
DA:226,0
DA:230,0
DA:231,0
DA:233,0
DA:235,0
DA:236,0
DA:237,0
DA:242,0
DA:243,0
DA:250,0
DA:251,0
DA:253,0
DA:254,0
DA:266,0
DA:267,0
DA:269,0
DA:270,0
DA:273,0
DA:278,0
DA:280,0
DA:281,0
DA:283,0
DA:286,0
DA:290,0
DA:291,0
DA:294,0
DA:297,0
DA:300,0
DA:301,0
DA:303,0
DA:304,0
DA:316,0
DA:317,0
DA:320,0
DA:327,0
DA:328,0
DA:330,0
DA:333,0
DA:334,0
DA:336,0
DA:337,0
DA:339,0
DA:340,0
DA:344,0
DA:345,0
DA:347,0
DA:348,0
DA:360,0
DA:361,0
DA:364,0
DA:366,0
DA:368,0
DA:370,0
DA:375,0
DA:376,0
DA:379,0
DA:387,0
DA:389,0
DA:390,0
DA:391,0
DA:393,0
DA:397,0
DA:398,0
DA:400,0
DA:401,0
DA:413,0
DA:414,0
DA:417,0
DA:420,0
DA:423,0
DA:426,0
DA:429,0
DA:431,0
DA:432,0
DA:434,0
DA:436,0
DA:437,0
DA:445,0
LF:130
LH:0
BRDA:25,0,0,0
BRDA:25,0,1,0
BRDA:26,1,0,0
BRDA:26,1,1,0
BRDA:71,2,0,0
BRDA:71,2,1,0
BRDA:102,3,0,0
BRDA:102,3,1,0
BRDA:155,4,0,0
BRDA:155,4,1,0
BRDA:196,5,0,0
BRDA:196,5,1,0
BRDA:215,6,0,0
BRDA:215,6,1,0
BRDA:215,7,0,0
BRDA:215,7,1,0
BRDA:217,8,0,0
BRDA:217,8,1,0
BRDA:235,9,0,0
BRDA:235,9,1,0
BRDA:280,10,0,0
BRDA:280,10,1,0
BRDA:294,11,0,0
BRDA:294,11,1,0
BRDA:336,12,0,0
BRDA:336,12,1,0
BRDA:336,13,0,0
BRDA:336,13,1,0
BRDA:364,14,0,0
BRDA:364,14,1,0
BRDA:389,15,0,0
BRDA:389,15,1,0
BRF:32
BRH:0
end_of_record
TN:
SF:electron/shortcuts.js
FN:20,getModifier
FN:27,getShortcutDefinitions
FN:35,(anonymous_2)
FN:47,(anonymous_3)
FN:59,(anonymous_4)
FN:73,(anonymous_5)
FN:90,(anonymous_6)
FN:109,registerShortcut
FN:130,unregisterShortcut
FN:145,isShortcutRegistered
FN:156,registerAllShortcuts
FN:189,unregisterAllShortcuts
FN:207,getRegisteredShortcuts
FN:208,(anonymous_13)
FN:221,setupLocalShortcuts
FN:276,initShortcuts
FN:299,cleanupShortcuts
FNF:17
FNH:0
FNDA:0,getModifier
FNDA:0,getShortcutDefinitions
FNDA:0,(anonymous_2)
FNDA:0,(anonymous_3)
FNDA:0,(anonymous_4)
FNDA:0,(anonymous_5)
FNDA:0,(anonymous_6)
FNDA:0,registerShortcut
FNDA:0,unregisterShortcut
FNDA:0,isShortcutRegistered
FNDA:0,registerAllShortcuts
FNDA:0,unregisterAllShortcuts
FNDA:0,getRegisteredShortcuts
FNDA:0,(anonymous_13)
FNDA:0,setupLocalShortcuts
FNDA:0,initShortcuts
FNDA:0,cleanupShortcuts
DA:7,0
DA:8,0
DA:10,0
DA:11,0
DA:21,0
DA:28,0
DA:30,0
DA:36,0
DA:37,0
DA:38,0
DA:39,0
DA:40,0
DA:48,0
DA:49,0
DA:50,0
DA:51,0
DA:52,0
DA:60,0
DA:61,0
DA:62,0
DA:63,0
DA:64,0
DA:74,0
DA:75,0
DA:76,0
DA:77,0
DA:79,0
DA:80,0
DA:91,0
DA:92,0
DA:93,0
DA:94,0
DA:95,0
DA:110,0
DA:111,0
DA:113,0
DA:114,0
DA:115,0
DA:116,0
DA:118,0
DA:119,0
DA:122,0
DA:123,0
DA:131,0
DA:132,0
DA:133,0
DA:134,0
DA:135,0
DA:137,0
DA:138,0
DA:146,0
DA:157,0
DA:158,0
DA:160,0
DA:161,0
DA:162,0
DA:164,0
DA:165,0
DA:171,0
DA:172,0
DA:174,0
DA:178,0
DA:179,0
DA:181,0
DA:182,0
DA:190,0
DA:191,0
DA:193,0
DA:194,0
DA:196,0
DA:197,0
DA:199,0
DA:200,0
DA:208,0
DA:222,0
DA:223,0
DA:225,0
DA:228,0
DA:259,0
DA:261,0
DA:262,0
DA:264,0
DA:265,0
DA:277,0
DA:278,0
DA:280,0
DA:283,0
DA:286,0
DA:288,0
DA:289,0
DA:291,0
DA:292,0
DA:300,0
DA:307,0
LF:94
LH:0
BRDA:21,0,0,0
BRDA:21,0,1,0
BRDA:37,1,0,0
BRDA:37,1,1,0
BRDA:49,2,0,0
BRDA:49,2,1,0
BRDA:61,3,0,0
BRDA:61,3,1,0
BRDA:75,4,0,0
BRDA:75,4,1,0
BRDA:76,5,0,0
BRDA:76,5,1,0
BRDA:92,6,0,0
BRDA:92,6,1,0
BRDA:113,7,0,0
BRDA:113,7,1,0
BRDA:171,8,0,0
BRDA:171,8,1,0
BRF:18
BRH:0
end_of_record
TN:
SF:electron/sync.js
FN:31,startBackgroundSync
FN:40,(anonymous_1)
FN:51,stopBackgroundSync
FN:62,syncNow
FN:107,checkOnlineStatus
FN:119,syncProducts
FN:169,syncTransactions
FN:237,updateSyncStatus
FN:246,getSyncStatus
FN:253,setupIpcHandlers
FN:254,(anonymous_10)
FN:259,(anonymous_11)
FNF:12
FNH:0
FNDA:0,startBackgroundSync
FNDA:0,(anonymous_1)
FNDA:0,stopBackgroundSync
FNDA:0,syncNow
FNDA:0,checkOnlineStatus
FNDA:0,syncProducts
FNDA:0,syncTransactions
FNDA:0,updateSyncStatus
FNDA:0,getSyncStatus
FNDA:0,setupIpcHandlers
FNDA:0,(anonymous_10)
FNDA:0,(anonymous_11)
DA:6,0
DA:7,0
DA:13,0
DA:15,0
DA:16,0
DA:18,0
DA:19,0
DA:20,0
DA:32,0
DA:34,0
DA:37,0
DA:40,0
DA:41,0
DA:45,0
DA:52,0
DA:53,0
DA:54,0
DA:55,0
DA:63,0
DA:64,0
DA:65,0
DA:68,0
DA:69,0
DA:70,0
DA:73,0
DA:74,0
DA:76,0
DA:77,0
DA:78,0
DA:79,0
DA:80,0
DA:83,0
DA:86,0
DA:89,0
DA:91,0
DA:92,0
DA:93,0
DA:96,0
DA:97,0
DA:99,0
DA:100,0
DA:108,0
DA:109,0
DA:110,0
DA:112,0
DA:120,0
DA:121,0
DA:123,0
DA:127,0
DA:129,0
DA:130,0
DA:134,0
DA:135,0
DA:136,0
DA:137,0
DA:151,0
DA:153,0
DA:157,0
DA:158,0
DA:161,0
DA:162,0
DA:170,0
DA:171,0
DA:173,0
DA:174,0
DA:176,0
DA:177,0
DA:178,0
DA:181,0
DA:183,0
DA:184,0
DA:186,0
DA:187,0
DA:188,0
DA:191,0
DA:202,0
DA:203,0
DA:204,0
DA:205,0
DA:209,0
DA:212,0
DA:215,0
DA:220,0
DA:221,0
DA:222,0
DA:225,0
DA:226,0
DA:229,0
DA:230,0
DA:238,0
DA:239,0
DA:247,0
DA:254,0
DA:255,0
DA:256,0
DA:259,0
DA:260,0
DA:268,0
LF:98
LH:0
BRDA:15,0,0,0
BRDA:15,0,1,0
BRDA:52,1,0,0
BRDA:52,1,1,0
BRDA:63,2,0,0
BRDA:63,2,1,0
BRDA:76,3,0,0
BRDA:76,3,1,0
BRDA:129,4,0,0
BRDA:129,4,1,0
BRDA:140,5,0,0
BRDA:140,5,1,0
BRDA:145,6,0,0
BRDA:145,6,1,0
BRDA:146,7,0,0
BRDA:146,7,1,0
BRDA:176,8,0,0
BRDA:176,8,1,0
BRDA:202,9,0,0
BRDA:202,9,1,0
BRDA:202,10,0,0
BRDA:202,10,1,0
BRDA:220,11,0,0
BRDA:220,11,1,0
BRDA:238,12,0,0
BRDA:238,12,1,0
BRF:26
BRH:0
end_of_record
TN:
SF:electron/tray.js
FN:21,createTrayIcon
FN:50,createTrayMenu
FN:59,(anonymous_2)
FN:69,(anonymous_3)
FN:79,(anonymous_4)
FN:89,(anonymous_5)
FN:110,(anonymous_6)
FN:125,updateTrayOnlineStatus
FN:141,updateTraySyncStatus
FN:164,updateTrayTooltip
FN:174,showTrayNotification
FN:195,initTray
FN:213,(anonymous_12)
FN:226,(anonymous_13)
FN:235,(anonymous_14)
FN:251,destroyTray
FNF:16
FNH:0
FNDA:0,createTrayIcon
FNDA:0,createTrayMenu
FNDA:0,(anonymous_2)
FNDA:0,(anonymous_3)
FNDA:0,(anonymous_4)
FNDA:0,(anonymous_5)
FNDA:0,(anonymous_6)
FNDA:0,updateTrayOnlineStatus
FNDA:0,updateTraySyncStatus
FNDA:0,updateTrayTooltip
FNDA:0,showTrayNotification
FNDA:0,initTray
FNDA:0,(anonymous_12)
FNDA:0,(anonymous_13)
FNDA:0,(anonymous_14)
FNDA:0,destroyTray
DA:7,0
DA:8,0
DA:9,0
DA:11,0
DA:12,0
DA:22,0
DA:24,0
DA:25,0
DA:28,0
DA:31,0
DA:32,0
DA:35,0
DA:37,0
DA:39,0
DA:51,0
DA:60,0
DA:61,0
DA:62,0
DA:63,0
DA:70,0
DA:71,0
DA:72,0
DA:80,0
DA:81,0
DA:82,0
DA:83,0
DA:90,0
DA:91,0
DA:92,0
DA:111,0
DA:112,0
DA:126,0
DA:128,0
DA:129,0
DA:131,0
DA:132,0
DA:133,0
DA:134,0
DA:142,0
DA:144,0
DA:145,0
DA:147,0
DA:148,0
DA:149,0
DA:156,0
DA:157,0
DA:165,0
DA:167,0
DA:168,0
DA:175,0
DA:178,0
DA:179,0
DA:184,0
DA:196,0
DA:197,0
DA:199,0
DA:202,0
DA:203,0
DA:206,0
DA:209,0
DA:210,0
DA:213,0
DA:214,0
DA:215,0
DA:216,0
DA:217,0
DA:219,0
DA:220,0
DA:226,0
DA:227,0
DA:228,0
DA:229,0
DA:230,0
DA:235,0
DA:236,0
DA:237,0
DA:240,0
DA:241,0
DA:243,0
DA:244,0
DA:252,0
DA:253,0
DA:254,0
DA:255,0
DA:263,0
LF:85
LH:0
BRDA:31,0,0,0
BRDA:31,0,1,0
BRDA:61,1,0,0
BRDA:61,1,1,0
BRDA:71,2,0,0
BRDA:71,2,1,0
BRDA:81,3,0,0
BRDA:81,3,1,0
BRDA:91,4,0,0
BRDA:91,4,1,0
BRDA:126,5,0,0
BRDA:126,5,1,0
BRDA:129,6,0,0
BRDA:129,6,1,0
BRDA:132,7,0,0
BRDA:132,7,1,0
BRDA:133,8,0,0
BRDA:133,8,1,0
BRDA:142,9,0,0
BRDA:142,9,1,0
BRDA:145,10,0,0
BRDA:145,10,1,0
BRDA:148,11,0,0
BRDA:148,11,1,0
BRDA:149,12,0,0
BRDA:149,12,1,0
BRDA:165,13,0,0
BRDA:165,13,1,0
BRDA:167,14,0,0
BRDA:167,14,1,0
BRDA:174,15,0,0
BRDA:175,16,0,0
BRDA:175,16,1,0
BRDA:178,17,0,0
BRDA:178,17,1,0
BRDA:178,18,0,0
BRDA:178,18,1,0
BRDA:182,19,0,0
BRDA:182,19,1,0
BRDA:215,20,0,0
BRDA:215,20,1,0
BRDA:216,21,0,0
BRDA:216,21,1,0
BRDA:228,22,0,0
BRDA:228,22,1,0
BRDA:252,23,0,0
BRDA:252,23,1,0
BRF:47
BRH:0
end_of_record
TN:
SF:electron/updater.js
FN:21,configureUpdater
FN:58,setupUpdateListeners
FN:62,(anonymous_2)
FN:68,(anonymous_3)
FN:80,(anonymous_4)
FN:90,(anonymous_5)
FN:102,(anonymous_6)
FN:113,(anonymous_7)
FN:139,promptDownload
FN:155,(anonymous_9)
FN:179,promptInstall
FN:190,(anonymous_11)
FN:197,(anonymous_12)
FN:219,checkForUpdates
FN:222,(anonymous_14)
FN:230,startPeriodicChecks
FN:232,(anonymous_16)
FN:238,(anonymous_17)
FN:248,stopPeriodicChecks
FN:263,sendStatusToWindow
FN:280,initUpdater
FN:312,forceCheckForUpdates
FNF:22
FNH:0
FNDA:0,configureUpdater
FNDA:0,setupUpdateListeners
FNDA:0,(anonymous_2)
FNDA:0,(anonymous_3)
FNDA:0,(anonymous_4)
FNDA:0,(anonymous_5)
FNDA:0,(anonymous_6)
FNDA:0,(anonymous_7)
FNDA:0,promptDownload
FNDA:0,(anonymous_9)
FNDA:0,promptInstall
FNDA:0,(anonymous_11)
FNDA:0,(anonymous_12)
FNDA:0,checkForUpdates
FNDA:0,(anonymous_14)
FNDA:0,startPeriodicChecks
FNDA:0,(anonymous_16)
FNDA:0,(anonymous_17)
FNDA:0,stopPeriodicChecks
FNDA:0,sendStatusToWindow
FNDA:0,initUpdater
FNDA:0,forceCheckForUpdates
DA:7,0
DA:8,0
DA:9,0
DA:11,0
DA:12,0
DA:23,0
DA:26,0
DA:29,0
DA:32,0
DA:35,0
DA:44,0
DA:59,0
DA:62,0
DA:63,0
DA:64,0
DA:68,0
DA:69,0
DA:75,0
DA:76,0
DA:80,0
DA:81,0
DA:86,0
DA:90,0
DA:91,0
DA:92,0
DA:98,0
DA:102,0
DA:103,0
DA:108,0
DA:109,0
DA:113,0
DA:114,0
DA:115,0
DA:118,0
DA:119,0
DA:129,0
DA:140,0
DA:142,0
DA:143,0
DA:147,0
DA:156,0
DA:158,0
DA:159,0
DA:162,0
DA:163,0
DA:165,0
DA:167,0
DA:170,0
DA:180,0
DA:182,0
DA:191,0
DA:193,0
DA:194,0
DA:197,0
DA:198,0
DA:202,0
DA:205,0
DA:206,0
DA:220,0
DA:222,0
DA:223,0
DA:232,0
DA:233,0
DA:237,0
DA:238,0
DA:239,0
DA:242,0
DA:249,0
DA:250,0
DA:251,0
DA:252,0
DA:264,0
DA:265,0
DA:281,0
DA:282,0
DA:285,0
DA:288,0
DA:291,0
DA:292,0
DA:294,0
DA:297,0
DA:298,0
DA:300,0
DA:301,0
DA:313,0
DA:315,0
DA:316,0
DA:318,0
DA:319,0
DA:326,0
DA:329,0
DA:336,0
LF:92
LH:0
BRDA:32,0,0,0
BRDA:32,0,1,0
BRDA:118,1,0,0
BRDA:118,1,1,0
BRDA:140,2,0,0
BRDA:140,2,1,0
BRDA:142,3,0,0
BRDA:142,3,1,0
BRDA:143,4,0,0
BRDA:143,4,1,0
BRDA:156,5,0,0
BRDA:156,5,1,0
BRDA:162,6,0,0
BRDA:162,6,1,0
BRDA:165,7,0,0
BRDA:165,7,1,0
BRDA:180,8,0,0
BRDA:180,8,1,0
BRDA:191,9,0,0
BRDA:191,9,1,0
BRDA:205,10,0,0
BRDA:205,10,1,0
BRDA:230,11,0,0
BRDA:249,12,0,0
BRDA:249,12,1,0
BRDA:263,13,0,0
BRDA:264,14,0,0
BRDA:264,14,1,0
BRDA:291,15,0,0
BRDA:291,15,1,0
BRDA:315,16,0,0
BRDA:315,16,1,0
BRDA:318,17,0,0
BRDA:318,17,1,0
BRF:34
BRH:0
end_of_record
TN:
SF:src/App.js
FN:17,App
FN:23,(anonymous_1)
FN:24,(anonymous_2)
FN:39,(anonymous_3)
FN:43,(anonymous_4)
FN:45,(anonymous_5)
FN:52,(anonymous_6)
FN:58,(anonymous_7)
FNF:8
FNH:0
FNDA:0,App
FNDA:0,(anonymous_1)
FNDA:0,(anonymous_2)
FNDA:0,(anonymous_3)
FNDA:0,(anonymous_4)
FNDA:0,(anonymous_5)
FNDA:0,(anonymous_6)
FNDA:0,(anonymous_7)
DA:18,0
DA:19,0
DA:20,0
DA:23,0
DA:24,0
DA:25,0
DA:26,0
DA:27,0
DA:29,0
DA:34,0
DA:37,0
DA:39,0
DA:43,0
DA:45,0
DA:46,0
DA:52,0
DA:58,0
DA:59,0
DA:60,0
DA:63,0
LF:20
LH:0
BRDA:68,0,0,0
BRDA:68,0,1,0
BRDA:69,1,0,0
BRDA:69,1,1,0
BRDA:71,2,0,0
BRDA:71,2,1,0
BRDA:74,3,0,0
BRDA:74,3,1,0
BRDA:75,4,0,0
BRDA:75,4,1,0
BRDA:77,5,0,0
BRDA:77,5,1,0
BRDA:79,6,0,0
BRDA:79,6,1,0
BRDA:93,7,0,0
BRDA:93,7,1,0
BRDA:99,8,0,0
BRDA:99,8,1,0
BRDA:105,9,0,0
BRDA:105,9,1,0
BRDA:112,10,0,0
BRDA:112,10,1,0
BRF:22
BRH:0
end_of_record
TN:
SF:src/hooks/useSession.js
FN:10,useSession
FN:15,(anonymous_1)
FN:21,(anonymous_2)
FN:24,(anonymous_3)
FN:50,(anonymous_4)
FN:68,(anonymous_5)
FNF:6
FNH:0
FNDA:0,useSession
FNDA:0,(anonymous_1)
FNDA:0,(anonymous_2)
FNDA:0,(anonymous_3)
FNDA:0,(anonymous_4)
FNDA:0,(anonymous_5)
DA:11,0
DA:12,0
DA:13,0
DA:15,0
DA:16,0
DA:19,0
DA:21,0
DA:24,0
DA:25,0
DA:27,0
DA:28,0
DA:29,0
DA:30,0
DA:33,0
DA:34,0
DA:36,0
DA:37,0
DA:40,0
DA:43,0
DA:44,0
DA:46,0
DA:50,0
DA:51,0
DA:52,0
DA:53,0
DA:54,0
DA:56,0
DA:64,0
DA:65,0
DA:68,0
DA:69,0
DA:70,0
DA:71,0
DA:74,0
DA:75,0
DA:76,0
DA:77,0
DA:78,0
DA:81,0
LF:39
LH:0
BRDA:27,0,0,0
BRDA:27,0,1,0
BRDA:36,1,0,0
BRDA:36,1,1,0
BRDA:60,2,0,0
BRDA:60,2,1,0
BRDA:64,3,0,0
BRDA:64,3,1,0
BRDA:70,4,0,0
BRDA:70,4,1,0
BRF:10
BRH:0
end_of_record
TN:
SF:src/pages/POS/POSCloseShift.js
FN:6,(anonymous_0)
FN:27,(anonymous_1)
FN:42,(anonymous_2)
FN:61,(anonymous_3)
FN:62,(anonymous_4)
FN:68,(anonymous_5)
FN:82,(anonymous_6)
FN:88,(anonymous_7)
FN:92,(anonymous_8)
FN:123,(anonymous_9)
FN:127,(anonymous_10)
FN:132,(anonymous_11)
FN:158,(anonymous_12)
FN:271,(anonymous_13)
FN:274,(anonymous_14)
FN:297,(anonymous_15)
FN:307,(anonymous_16)
FN:317,(anonymous_17)
FN:327,(anonymous_18)
FN:337,(anonymous_19)
FN:353,(anonymous_20)
FN:363,(anonymous_21)
FN:373,(anonymous_22)
FN:383,(anonymous_23)
FN:397,(anonymous_24)
FN:400,(anonymous_25)
FN:447,(anonymous_26)
FN:473,(anonymous_27)
FNF:28
FNH:0
FNDA:0,(anonymous_0)
FNDA:0,(anonymous_1)
FNDA:0,(anonymous_2)
FNDA:0,(anonymous_3)
FNDA:0,(anonymous_4)
FNDA:0,(anonymous_5)
FNDA:0,(anonymous_6)
FNDA:0,(anonymous_7)
FNDA:0,(anonymous_8)
FNDA:0,(anonymous_9)
FNDA:0,(anonymous_10)
FNDA:0,(anonymous_11)
FNDA:0,(anonymous_12)
FNDA:0,(anonymous_13)
FNDA:0,(anonymous_14)
FNDA:0,(anonymous_15)
FNDA:0,(anonymous_16)
FNDA:0,(anonymous_17)
FNDA:0,(anonymous_18)
FNDA:0,(anonymous_19)
FNDA:0,(anonymous_20)
FNDA:0,(anonymous_21)
FNDA:0,(anonymous_22)
FNDA:0,(anonymous_23)
FNDA:0,(anonymous_24)
FNDA:0,(anonymous_25)
FNDA:0,(anonymous_26)
FNDA:0,(anonymous_27)
DA:6,0
DA:7,0
DA:8,0
DA:9,0
DA:10,0
DA:11,0
DA:22,0
DA:23,0
DA:24,0
DA:25,0
DA:27,0
DA:28,0
DA:30,0
DA:31,0
DA:32,0
DA:35,0
DA:36,0
DA:39,0
DA:42,0
DA:43,0
DA:44,0
DA:46,0
DA:47,0
DA:48,0
DA:49,0
DA:52,0
DA:54,0
DA:55,0
DA:57,0
DA:61,0
DA:62,0
DA:68,0
DA:70,0
DA:79,0
DA:82,0
DA:83,0
DA:84,0
DA:85,0
DA:88,0
DA:89,0
DA:92,0
DA:93,0
DA:94,0
DA:96,0
DA:98,0
DA:108,0
DA:111,0
DA:113,0
DA:114,0
DA:116,0
DA:117,0
DA:119,0
DA:123,0
DA:124,0
DA:127,0
DA:128,0
DA:129,0
DA:132,0
DA:133,0
DA:134,0
DA:135,0
DA:136,0
DA:137,0
DA:138,0
DA:141,0
DA:142,0
DA:150,0
DA:151,0
DA:152,0
DA:154,0
DA:158,0
DA:271,0
DA:274,0
DA:297,0
DA:307,0
DA:317,0
DA:327,0
DA:337,0
DA:353,0
DA:363,0
DA:373,0
DA:383,0
DA:397,0
DA:400,0
DA:447,0
DA:473,0
LF:86
LH:0
BRDA:30,0,0,0
BRDA:30,0,1,0
BRDA:30,1,0,0
BRDA:30,1,1,0
BRDA:35,2,0,0
BRDA:35,2,1,0
BRDA:46,3,0,0
BRDA:46,3,1,0
BRDA:64,4,0,0
BRDA:64,4,1,0
BRDA:83,5,0,0
BRDA:83,5,1,0
BRDA:84,6,0,0
BRDA:84,6,1,0
BRDA:141,7,0,0
BRDA:141,7,1,0
BRDA:175,8,0,0
BRDA:175,8,1,0
BRDA:175,9,0,0
BRDA:175,9,1,0
BRDA:180,10,0,0
BRDA:180,10,1,0
BRDA:180,11,0,0
BRDA:180,11,1,0
BRDA:185,12,0,0
BRDA:185,12,1,0
BRDA:191,13,0,0
BRDA:191,13,1,0
BRDA:194,14,0,0
BRDA:194,14,1,0
BRDA:226,15,0,0
BRDA:226,15,1,0
BRDA:230,16,0,0
BRDA:230,16,1,0
BRDA:245,17,0,0
BRDA:245,17,1,0
BRDA:254,18,0,0
BRDA:254,18,1,0
BRDA:264,19,0,0
BRDA:264,19,1,0
BRDA:282,20,0,0
BRDA:282,20,1,0
BRDA:408,21,0,0
BRDA:408,21,1,0
BRDA:422,22,0,0
BRDA:422,22,1,0
BRDA:422,23,0,0
BRDA:422,23,1,0
BRDA:425,24,0,0
BRDA:425,24,1,0
BRDA:426,25,0,0
BRDA:426,25,1,0
BRDA:426,26,0,0
BRDA:426,26,1,0
BRDA:431,27,0,0
BRDA:431,27,1,0
BRDA:458,28,0,0
BRDA:458,28,1,0
BRDA:462,29,0,0
BRDA:462,29,1,0
BRDA:481,30,0,0
BRDA:481,30,1,0
BRF:62
BRH:0
end_of_record
TN:
SF:src/pages/POS/POSDashboard.js
FN:5,(anonymous_0)
FN:14,(anonymous_1)
FN:30,(anonymous_2)
FN:44,(anonymous_3)
FN:68,(anonymous_4)
FN:74,(anonymous_5)
FN:78,(anonymous_6)
FN:156,(anonymous_7)
FN:168,(anonymous_8)
FN:199,(anonymous_9)
FN:239,(anonymous_10)
FN:240,(anonymous_11)
FN:243,(anonymous_12)
FN:254,(anonymous_13)
FN:279,(anonymous_14)
FNF:15
FNH:0
FNDA:0,(anonymous_0)
FNDA:0,(anonymous_1)
FNDA:0,(anonymous_2)
FNDA:0,(anonymous_3)
FNDA:0,(anonymous_4)
FNDA:0,(anonymous_5)
FNDA:0,(anonymous_6)
FNDA:0,(anonymous_7)
FNDA:0,(anonymous_8)
FNDA:0,(anonymous_9)
FNDA:0,(anonymous_10)
FNDA:0,(anonymous_11)
FNDA:0,(anonymous_12)
FNDA:0,(anonymous_13)
FNDA:0,(anonymous_14)
DA:5,0
DA:6,0
DA:7,0
DA:8,0
DA:9,0
DA:10,0
DA:11,0
DA:12,0
DA:14,0
DA:16,0
DA:18,0
DA:19,0
DA:20,0
DA:23,0
DA:24,0
DA:27,0
DA:30,0
DA:31,0
DA:33,0
DA:34,0
DA:35,0
DA:38,0
DA:40,0
DA:44,0
DA:45,0
DA:47,0
DA:49,0
DA:59,0
DA:60,0
DA:61,0
DA:63,0
DA:64,0
DA:68,0
DA:69,0
DA:70,0
DA:71,0
DA:74,0
DA:75,0
DA:78,0
DA:79,0
DA:80,0
DA:83,0
DA:84,0
DA:92,0
DA:156,0
DA:168,0
DA:199,0
DA:239,0
DA:240,0
DA:243,0
DA:254,0
DA:279,0
LF:52
LH:0
BRDA:18,0,0,0
BRDA:18,0,1,0
BRDA:18,1,0,0
BRDA:18,1,1,0
BRDA:23,2,0,0
BRDA:23,2,1,0
BRDA:34,3,0,0
BRDA:34,3,1,0
BRDA:83,4,0,0
BRDA:83,4,1,0
BRDA:110,5,0,0
BRDA:110,5,1,0
BRDA:125,6,0,0
BRDA:125,6,1,0
BRDA:144,7,0,0
BRDA:144,7,1,0
BRDA:186,8,0,0
BRDA:186,8,1,0
BRDA:212,9,0,0
BRDA:212,9,1,0
BRDA:218,10,0,0
BRDA:218,10,1,0
BRDA:222,11,0,0
BRDA:222,11,1,0
BRDA:226,12,0,0
BRDA:226,12,1,0
BRDA:230,13,0,0
BRDA:230,13,1,0
BRDA:238,14,0,0
BRDA:238,14,1,0
BRDA:247,15,0,0
BRDA:247,15,1,0
BRF:32
BRH:0
end_of_record
TN:
SF:src/pages/POS/POSLogin.js
FN:6,(anonymous_0)
FN:16,(anonymous_1)
FN:18,(anonymous_2)
FN:19,(anonymous_3)
FN:27,(anonymous_4)
FN:33,(anonymous_5)
FN:51,(anonymous_6)
FN:60,(anonymous_7)
FN:91,(anonymous_8)
FN:185,(anonymous_9)
FN:192,(anonymous_10)
FN:199,(anonymous_11)
FNF:12
FNH:6
FNDA:21,(anonymous_0)
FNDA:8,(anonymous_1)
FNDA:0,(anonymous_2)
FNDA:0,(anonymous_3)
FNDA:8,(anonymous_4)
FNDA:8,(anonymous_5)
FNDA:7,(anonymous_6)
FNDA:3,(anonymous_7)
FNDA:0,(anonymous_8)
FNDA:0,(anonymous_9)
FNDA:0,(anonymous_10)
FNDA:0,(anonymous_11)
DA:6,1
DA:7,21
DA:11,21
DA:12,21
DA:13,21
DA:14,21
DA:16,21
DA:18,8
DA:19,8
DA:21,8
DA:22,8
DA:25,8
DA:27,8
DA:28,8
DA:29,8
DA:33,21
DA:34,8
DA:35,8
DA:36,2
DA:37,2
DA:39,1
DA:40,1
DA:42,1
DA:45,1
DA:46,1
DA:51,21
DA:52,7
DA:57,7
DA:60,21
DA:61,3
DA:62,3
DA:63,3
DA:65,3
DA:66,3
DA:68,3
DA:70,1
DA:71,1
DA:74,1
DA:75,1
DA:78,1
DA:80,2
DA:83,0
DA:84,0
DA:86,3
DA:91,21
DA:92,0
DA:95,21
DA:185,0
DA:192,0
DA:199,0
LF:50
LH:44
BRDA:35,0,0,2
BRDA:35,0,1,6
BRDA:37,1,0,1
BRDA:37,1,1,1
BRDA:39,2,0,1
BRDA:39,2,1,0
BRDA:57,3,0,0
BRDA:57,3,1,7
BRDA:68,4,0,1
BRDA:68,4,1,2
BRDA:74,5,0,1
BRDA:74,5,1,0
BRDA:80,6,0,2
BRDA:80,6,1,0
BRDA:105,7,0,21
BRDA:105,7,1,0
BRDA:110,8,0,21
BRDA:110,8,1,0
BRDA:126,9,0,21
BRDA:126,9,1,2
BRDA:171,10,0,3
BRDA:171,10,1,18
BRF:22
BRH:16
end_of_record
TN:
SF:src/pages/POS/POSNewSale.js
FN:6,(anonymous_0)
FN:23,(anonymous_1)
FN:39,(anonymous_2)
FN:43,(anonymous_3)
FN:62,(anonymous_4)
FN:70,(anonymous_5)
FN:76,(anonymous_6)
FN:96,(anonymous_7)
FN:121,(anonymous_8)
FN:125,(anonymous_9)
FN:131,(anonymous_10)
FN:135,(anonymous_11)
FN:158,(anonymous_12)
FN:180,(anonymous_13)
FN:208,(anonymous_14)
FN:216,(anonymous_15)
FN:219,(anonymous_16)
FN:224,(anonymous_17)
FN:237,(anonymous_18)
FN:256,(anonymous_19)
FN:271,(anonymous_20)
FN:272,(anonymous_21)
FN:275,(anonymous_22)
FN:276,(anonymous_23)
FN:282,(anonymous_24)
FN:308,(anonymous_25)
FN:345,(anonymous_26)
FN:365,(anonymous_27)
FN:396,(anonymous_28)
FN:416,(anonymous_29)
FN:425,(anonymous_30)
FN:429,(anonymous_31)
FN:453,(anonymous_32)
FN:469,(anonymous_33)
FN:479,(anonymous_34)
FN:481,(anonymous_35)
FN:484,(anonymous_36)
FN:509,(anonymous_37)
FN:519,(anonymous_38)
FN:525,(anonymous_39)
FN:531,(anonymous_40)
FN:543,(anonymous_41)
FN:557,(anonymous_42)
FNF:43
FNH:0
FNDA:0,(anonymous_0)
FNDA:0,(anonymous_1)
FNDA:0,(anonymous_2)
FNDA:0,(anonymous_3)
FNDA:0,(anonymous_4)
FNDA:0,(anonymous_5)
FNDA:0,(anonymous_6)
FNDA:0,(anonymous_7)
FNDA:0,(anonymous_8)
FNDA:0,(anonymous_9)
FNDA:0,(anonymous_10)
FNDA:0,(anonymous_11)
FNDA:0,(anonymous_12)
FNDA:0,(anonymous_13)
FNDA:0,(anonymous_14)
FNDA:0,(anonymous_15)
FNDA:0,(anonymous_16)
FNDA:0,(anonymous_17)
FNDA:0,(anonymous_18)
FNDA:0,(anonymous_19)
FNDA:0,(anonymous_20)
FNDA:0,(anonymous_21)
FNDA:0,(anonymous_22)
FNDA:0,(anonymous_23)
FNDA:0,(anonymous_24)
FNDA:0,(anonymous_25)
FNDA:0,(anonymous_26)
FNDA:0,(anonymous_27)
FNDA:0,(anonymous_28)
FNDA:0,(anonymous_29)
FNDA:0,(anonymous_30)
FNDA:0,(anonymous_31)
FNDA:0,(anonymous_32)
FNDA:0,(anonymous_33)
FNDA:0,(anonymous_34)
FNDA:0,(anonymous_35)
FNDA:0,(anonymous_36)
FNDA:0,(anonymous_37)
FNDA:0,(anonymous_38)
FNDA:0,(anonymous_39)
FNDA:0,(anonymous_40)
FNDA:0,(anonymous_41)
FNDA:0,(anonymous_42)
DA:6,0
DA:7,0
DA:8,0
DA:9,0
DA:10,0
DA:11,0
DA:12,0
DA:13,0
DA:14,0
DA:15,0
DA:16,0
DA:17,0
DA:18,0
DA:19,0
DA:20,0
DA:21,0
DA:23,0
DA:24,0
DA:26,0
DA:27,0
DA:28,0
DA:31,0
DA:32,0
DA:35,0
DA:39,0
DA:40,0
DA:41,0
DA:43,0
DA:45,0
DA:46,0
DA:50,0
DA:51,0
DA:53,0
DA:54,0
DA:56,0
DA:58,0
DA:61,0
DA:62,0
DA:63,0
DA:68,0
DA:70,0
DA:71,0
DA:72,0
DA:76,0
DA:77,0
DA:78,0
DA:81,0
DA:83,0
DA:85,0
DA:96,0
DA:98,0
DA:99,0
DA:100,0
DA:101,0
DA:102,0
DA:103,0
DA:104,0
DA:106,0
DA:107,0
DA:110,0
DA:111,0
DA:112,0
DA:113,0
DA:115,0
DA:116,0
DA:121,0
DA:123,0
DA:124,0
DA:125,0
DA:128,0
DA:129,0
DA:130,0
DA:131,0
DA:135,0
DA:137,0
DA:138,0
DA:139,0
DA:140,0
DA:142,0
DA:143,0
DA:145,0
DA:146,0
DA:148,0
DA:149,0
DA:151,0
DA:152,0
DA:158,0
DA:159,0
DA:160,0
DA:161,0
DA:162,0
DA:164,0
DA:165,0
DA:167,0
DA:168,0
DA:170,0
DA:171,0
DA:173,0
DA:174,0
DA:180,0
DA:181,0
DA:183,0
DA:185,0
DA:186,0
DA:187,0
DA:188,0
DA:191,0
DA:194,0
DA:196,0
DA:197,0
DA:198,0
DA:201,0
DA:202,0
DA:204,0
DA:208,0
DA:209,0
DA:210,0
DA:211,0
DA:212,0
DA:215,0
DA:216,0
DA:217,0
DA:219,0
DA:221,0
DA:224,0
DA:225,0
DA:237,0
DA:239,0
DA:240,0
DA:241,0
DA:242,0
DA:243,0
DA:245,0
DA:248,0
DA:249,0
DA:251,0
DA:256,0
DA:257,0
DA:258,0
DA:259,0
DA:262,0
DA:263,0
DA:264,0
DA:265,0
DA:267,0
DA:271,0
DA:272,0
DA:275,0
DA:276,0
DA:277,0
DA:278,0
DA:279,0
DA:282,0
DA:283,0
DA:284,0
DA:285,0
DA:288,0
DA:289,0
DA:290,0
DA:293,0
DA:294,0
DA:296,0
DA:297,0
DA:300,0
DA:308,0
DA:318,0
DA:319,0
DA:320,0
DA:324,0
DA:326,0
DA:328,0
DA:329,0
DA:333,0
DA:335,0
DA:338,0
DA:339,0
DA:341,0
DA:345,0
DA:346,0
DA:349,0
DA:350,0
DA:352,0
DA:353,0
DA:361,0
DA:365,0
DA:396,0
DA:417,0
DA:426,0
DA:429,0
DA:453,0
DA:470,0
DA:479,0
DA:481,0
DA:484,0
DA:509,0
DA:519,0
DA:525,0
DA:531,0
DA:543,0
DA:557,0
LF:200
LH:0
BRDA:26,0,0,0
BRDA:26,0,1,0
BRDA:26,1,0,0
BRDA:26,1,1,0
BRDA:31,2,0,0
BRDA:31,2,1,0
BRDA:45,3,0,0
BRDA:45,3,1,0
BRDA:45,4,0,0
BRDA:45,4,1,0
BRDA:50,5,0,0
BRDA:50,5,1,0
BRDA:51,6,0,0
BRDA:51,6,1,0
BRDA:56,7,0,0
BRDA:56,7,1,0
BRDA:83,8,0,0
BRDA:83,8,1,0
BRDA:98,9,0,0
BRDA:98,9,1,0
BRDA:100,10,0,0
BRDA:100,10,1,0
BRDA:110,11,0,0
BRDA:110,11,1,0
BRDA:138,12,0,0
BRDA:138,12,1,0
BRDA:160,13,0,0
BRDA:160,13,1,0
BRDA:185,14,0,0
BRDA:185,14,1,0
BRDA:196,15,0,0
BRDA:196,15,1,0
BRDA:210,16,0,0
BRDA:210,16,1,0
BRDA:217,17,0,0
BRDA:217,17,1,0
BRDA:217,17,2,0
BRDA:234,18,0,0
BRDA:234,18,1,0
BRDA:239,19,0,0
BRDA:239,19,1,0
BRDA:241,20,0,0
BRDA:241,20,1,0
BRDA:248,21,0,0
BRDA:248,21,1,0
BRDA:257,22,0,0
BRDA:257,22,1,0
BRDA:263,23,0,0
BRDA:263,23,1,0
BRDA:283,24,0,0
BRDA:283,24,1,0
BRDA:288,25,0,0
BRDA:288,25,1,0
BRDA:288,26,0,0
BRDA:288,26,1,0
BRDA:288,26,2,0
BRDA:318,27,0,0
BRDA:318,27,1,0
BRDA:326,28,0,0
BRDA:326,28,1,0
BRDA:326,29,0,0
BRDA:326,29,1,0
BRDA:350,30,0,0
BRDA:350,30,1,0
BRDA:350,31,0,0
BRDA:350,31,1,0
BRDA:352,32,0,0
BRDA:352,32,1,0
BRDA:373,33,0,0
BRDA:373,33,1,0
BRDA:374,34,0,0
BRDA:374,34,1,0
BRDA:411,35,0,0
BRDA:411,35,1,0
BRDA:423,36,0,0
BRDA:423,36,1,0
BRDA:423,36,2,0
BRDA:428,37,0,0
BRDA:428,37,1,0
BRDA:429,38,0,0
BRDA:429,38,1,0
BRDA:435,39,0,0
BRDA:435,39,1,0
BRDA:452,40,0,0
BRDA:452,40,1,0
BRDA:460,41,0,0
BRDA:460,41,1,0
BRDA:491,42,0,0
BRDA:491,42,1,0
BRDA:508,43,0,0
BRDA:508,43,1,0
BRDA:514,44,0,0
BRDA:514,44,1,0
BRDA:518,45,0,0
BRDA:518,45,1,0
BRDA:524,46,0,0
BRDA:524,46,1,0
BRDA:530,47,0,0
BRDA:530,47,1,0
BRDA:537,48,0,0
BRDA:537,48,1,0
BRDA:547,49,0,0
BRDA:547,49,1,0
BRDA:547,49,2,0
BRDA:565,50,0,0
BRDA:565,50,1,0
BRF:106
BRH:0
end_of_record
TN:
SF:src/pages/POS/POSReceipt.js
FN:6,(anonymous_0)
FN:13,(anonymous_1)
FN:17,(anonymous_2)
FN:35,(anonymous_3)
FN:46,(anonymous_4)
FN:50,(anonymous_5)
FN:54,(anonymous_6)
FN:58,(anonymous_7)
FN:189,(anonymous_8)
FNF:9
FNH:0
FNDA:0,(anonymous_0)
FNDA:0,(anonymous_1)
FNDA:0,(anonymous_2)
FNDA:0,(anonymous_3)
FNDA:0,(anonymous_4)
FNDA:0,(anonymous_5)
FNDA:0,(anonymous_6)
FNDA:0,(anonymous_7)
FNDA:0,(anonymous_8)
DA:6,0
DA:7,0
DA:8,0
DA:9,0
DA:10,0
DA:11,0
DA:13,0
DA:14,0
DA:17,0
DA:18,0
DA:20,0
DA:22,0
DA:23,0
DA:25,0
DA:28,0
DA:29,0
DA:31,0
DA:35,0
DA:36,0
DA:38,0
DA:40,0
DA:42,0
DA:46,0
DA:47,0
DA:50,0
DA:51,0
DA:54,0
DA:55,0
DA:58,0
DA:59,0
DA:60,0
DA:66,0
DA:67,0
DA:75,0
DA:76,0
DA:93,0
DA:95,0
DA:190,0
LF:38
LH:0
BRDA:22,0,0,0
BRDA:22,0,1,0
BRDA:66,1,0,0
BRDA:66,1,1,0
BRDA:75,2,0,0
BRDA:75,2,1,0
BRDA:75,3,0,0
BRDA:75,3,1,0
BRDA:84,4,0,0
BRDA:84,4,1,0
BRDA:189,5,0,0
BRDA:189,5,1,0
BRDA:223,6,0,0
BRDA:223,6,1,0
BRF:14
BRH:0
end_of_record
TN:
SF:src/services/electronAPI.js
FN:7,(anonymous_0)
FN:12,(anonymous_1)
FN:26,(anonymous_2)
FN:34,(anonymous_3)
FN:42,(anonymous_4)
FN:50,(anonymous_5)
FN:58,(anonymous_6)
FN:66,(anonymous_7)
FN:80,(anonymous_8)
FN:88,(anonymous_9)
FN:96,(anonymous_10)
FN:104,(anonymous_11)
FN:118,(anonymous_12)
FN:126,(anonymous_13)
FN:134,(anonymous_14)
FN:148,(anonymous_15)
FN:156,(anonymous_16)
FN:164,(anonymous_17)
FN:172,(anonymous_18)
FN:186,(anonymous_19)
FN:194,(anonymous_20)
FN:202,(anonymous_21)
FN:206,(anonymous_22)
FN:218,(anonymous_23)
FN:226,(anonymous_24)
FN:234,(anonymous_25)
FN:242,(anonymous_26)
FN:256,(anonymous_27)
FN:264,(anonymous_28)
FN:272,(anonymous_29)
FN:280,(anonymous_30)
FN:293,(anonymous_31)
FN:309,(anonymous_32)
FN:320,(anonymous_33)
FN:321,(anonymous_34)
FNF:35
FNH:4
FNDA:5,(anonymous_0)
FNDA:5,(anonymous_1)
FNDA:3,(anonymous_2)
FNDA:2,(anonymous_3)
FNDA:0,(anonymous_4)
FNDA:0,(anonymous_5)
FNDA:0,(anonymous_6)
FNDA:0,(anonymous_7)
FNDA:0,(anonymous_8)
FNDA:0,(anonymous_9)
FNDA:0,(anonymous_10)
FNDA:0,(anonymous_11)
FNDA:0,(anonymous_12)
FNDA:0,(anonymous_13)
FNDA:0,(anonymous_14)
FNDA:0,(anonymous_15)
FNDA:0,(anonymous_16)
FNDA:0,(anonymous_17)
FNDA:0,(anonymous_18)
FNDA:0,(anonymous_19)
FNDA:0,(anonymous_20)
FNDA:0,(anonymous_21)
FNDA:0,(anonymous_22)
FNDA:0,(anonymous_23)
FNDA:0,(anonymous_24)
FNDA:0,(anonymous_25)
FNDA:0,(anonymous_26)
FNDA:0,(anonymous_27)
FNDA:0,(anonymous_28)
FNDA:0,(anonymous_29)
FNDA:0,(anonymous_30)
FNDA:0,(anonymous_31)
FNDA:0,(anonymous_32)
FNDA:0,(anonymous_33)
FNDA:0,(anonymous_34)
DA:7,1
DA:8,5
DA:12,1
DA:13,5
DA:14,0
DA:22,1
DA:27,3
DA:28,3
DA:35,2
DA:36,2
DA:43,0
DA:44,0
DA:51,0
DA:52,0
DA:59,0
DA:60,0
DA:67,0
DA:68,0
DA:76,1
DA:81,0
DA:82,0
DA:89,0
DA:90,0
DA:97,0
DA:98,0
DA:105,0
DA:106,0
DA:114,1
DA:119,0
DA:120,0
DA:127,0
DA:128,0
DA:135,0
DA:136,0
DA:144,1
DA:149,0
DA:150,0
DA:157,0
DA:158,0
DA:165,0
DA:166,0
DA:173,0
DA:174,0
DA:182,1
DA:187,0
DA:188,0
DA:195,0
DA:196,0
DA:203,0
DA:206,0
DA:214,1
DA:219,0
DA:220,0
DA:227,0
DA:228,0
DA:235,0
DA:236,0
DA:243,0
DA:244,0
DA:252,1
DA:257,0
DA:258,0
DA:265,0
DA:266,0
DA:273,0
DA:274,0
DA:281,0
DA:282,0
DA:293,1
DA:294,0
DA:295,0
DA:296,0
DA:297,0
DA:298,0
DA:299,0
DA:300,0
DA:301,0
DA:303,0
DA:309,1
DA:310,0
DA:311,0
DA:312,0
DA:314,0
DA:320,1
DA:321,0
DA:322,0
DA:324,0
LF:87
LH:18
BRDA:13,0,0,0
BRDA:13,0,1,5
BRDA:126,1,0,0
BRDA:320,2,0,0
BRDA:320,3,0,0
BRF:5
BRH:1
end_of_record
